::1 - - [10/Sep/2024:14:57:52 +0200] "GET / HTTP/1.1" 200 8564
::1 - - [10/Sep/2024:14:57:52 +0200] "GET /style/style.css HTTP/1.1" 200 2514
::1 - - [10/Sep/2024:14:57:52 +0200] "GET /style/main.css HTTP/1.1" 200 1183
::1 - - [10/Sep/2024:14:57:52 +0200] "GET /img/avvocato.jpg HTTP/1.1" 200 38516
::1 - - [10/Sep/2024:14:57:52 +0200] "GET /img/giornalista.jpg HTTP/1.1" 200 50710
::1 - - [10/Sep/2024:14:57:52 +0200] "GET /img/webdesigner.jpg HTTP/1.1" 200 64629
::1 - - [10/Sep/2024:14:57:52 +0200] "GET /img/service2.jpg HTTP/1.1" 200 55275
::1 - - [10/Sep/2024:14:57:52 +0200] "GET /img/service.jpg HTTP/1.1" 200 41998
::1 - - [10/Sep/2024:14:57:52 +0200] "GET /img/service3.jpg HTTP/1.1" 200 48531
::1 - - [10/Sep/2024:14:57:52 +0200] "GET /img/A.png HTTP/1.1" 200 5415
::1 - - [10/Sep/2024:14:57:52 +0200] "GET /img/service4.jpg HTTP/1.1" 200 72389
::1 - - [10/Sep/2024:14:57:52 +0200] "GET /img/sfondo.jpg HTTP/1.1" 200 83629
::1 - - [10/Sep/2024:14:57:53 +0200] "GET /img/icon.png HTTP/1.1" 200 31327
::1 - - [10/Sep/2024:14:57:56 +0200] "GET / HTTP/1.1" 304 -
::1 - - [10/Sep/2024:14:58:13 +0200] "GET /aboutme.html HTTP/1.1" 404 295
::1 - - [10/Sep/2024:14:58:50 +0200] "GET / HTTP/1.1" 304 -
::1 - - [10/Sep/2024:14:58:52 +0200] "GET /index.html HTTP/1.1" 200 8564
::1 - - [10/Sep/2024:14:58:55 +0200] "GET /aboutme.html HTTP/1.1" 404 295
::1 - - [10/Sep/2024:14:59:35 +0200] "GET /aboutme.html HTTP/1.1" 404 295
::1 - - [10/Sep/2024:14:59:43 +0200] "GET /style/style.css HTTP/1.1" 304 -
::1 - - [10/Sep/2024:14:59:47 +0200] "GET / HTTP/1.1" 200 8564
::1 - - [10/Sep/2024:14:59:50 +0200] "GET /progetti.html HTTP/1.1" 404 295
::1 - - [10/Sep/2024:15:00:09 +0200] "GET /aboutme.html HTTP/1.1" 404 295
::1 - - [10/Sep/2024:15:00:11 +0200] "GET /aboutme.html HTTP/1.1" 404 295
::1 - - [10/Sep/2024:15:00:26 +0200] "GET / HTTP/1.1" 200 8564
::1 - - [10/Sep/2024:15:00:26 +0200] "GET /style/main.css HTTP/1.1" 304 -
::1 - - [10/Sep/2024:15:00:28 +0200] "GET /aboutme.html HTTP/1.1" 404 295
::1 - - [10/Sep/2024:15:12:02 +0200] "GET / HTTP/1.1" 200 8564
::1 - - [10/Sep/2024:15:12:02 +0200] "GET /style/main.css HTTP/1.1" 304 -
::1 - - [10/Sep/2024:15:12:02 +0200] "GET /style/style.css HTTP/1.1" 304 -
::1 - - [10/Sep/2024:15:12:09 +0200] "GET / HTTP/1.1" 200 8564
::1 - - [10/Sep/2024:15:12:14 +0200] "GET /aboutme.html HTTP/1.1" 404 295
::1 - - [10/Sep/2024:15:13:08 +0200] "GET /aboutme.html HTTP/1.1" 404 295
::1 - - [10/Sep/2024:15:13:14 +0200] "GET /contatti.html HTTP/1.1" 404 295
::1 - - [10/Sep/2024:15:18:26 +0200] "GET / HTTP/1.1" 200 8635
::1 - - [10/Sep/2024:15:18:26 +0200] "GET /style/style.css HTTP/1.1" 304 -
::1 - - [10/Sep/2024:15:18:26 +0200] "GET /style/main.css HTTP/1.1" 304 -
::1 - - [10/Sep/2024:15:18:27 +0200] "GET / HTTP/1.1" 200 8635
::1 - - [10/Sep/2024:15:18:30 +0200] "GET / HTTP/1.1" 200 8635
::1 - - [10/Sep/2024:15:19:51 +0200] "GET / HTTP/1.1" 200 8603
::1 - - [10/Sep/2024:15:25:31 +0200] "GET / HTTP/1.1" 200 8439
::1 - - [10/Sep/2024:15:25:31 +0200] "GET /style/style.css HTTP/1.1" 304 -
::1 - - [10/Sep/2024:15:25:31 +0200] "GET /style/main.css HTTP/1.1" 304 -
::1 - - [10/Sep/2024:15:25:36 +0200] "GET /aboutme.php HTTP/1.1" 200 5143
::1 - - [10/Sep/2024:15:25:36 +0200] "GET /style/form.css HTTP/1.1" 200 791
::1 - - [10/Sep/2024:15:25:36 +0200] "GET /img/hobbi2.jpg HTTP/1.1" 200 56012
::1 - - [10/Sep/2024:15:25:36 +0200] "GET /img/aboutme.jpg HTTP/1.1" 200 74561
::1 - - [10/Sep/2024:15:25:36 +0200] "GET /img/hobbi1.jpg HTTP/1.1" 200 249612
::1 - - [10/Sep/2024:15:25:38 +0200] "GET /progetti.php HTTP/1.1" 200 5464
::1 - - [10/Sep/2024:15:25:38 +0200] "GET /img/social.jpg HTTP/1.1" 200 48617
::1 - - [10/Sep/2024:15:25:38 +0200] "GET /img/front.jpg HTTP/1.1" 200 39457
::1 - - [10/Sep/2024:15:25:40 +0200] "GET /progettosingolo.php HTTP/1.1" 200 5354
::1 - - [10/Sep/2024:15:25:40 +0200] "GET /img/progetto.jpg HTTP/1.1" 200 47986
::1 - - [10/Sep/2024:15:25:40 +0200] "GET /img/progetto3.jpg HTTP/1.1" 200 90490
::1 - - [10/Sep/2024:15:25:40 +0200] "GET /img/progetto2.jpg HTTP/1.1" 200 76751
::1 - - [10/Sep/2024:15:25:40 +0200] "GET /img/progetti4.jpg HTTP/1.1" 200 76100
::1 - - [10/Sep/2024:15:25:43 +0200] "GET /contatti.php HTTP/1.1" 200 3509
::1 - - [10/Sep/2024:15:25:48 +0200] "GET /progetti.php HTTP/1.1" 200 5464
::1 - - [10/Sep/2024:15:30:37 +0200] "GET /progetti.php HTTP/1.1" 200 6271
::1 - - [10/Sep/2024:15:30:37 +0200] "GET /style/style.css HTTP/1.1" 304 -
::1 - - [10/Sep/2024:15:30:37 +0200] "GET /style/form.css HTTP/1.1" 304 -
::1 - - [10/Sep/2024:15:30:38 +0200] "GET /progetti.php HTTP/1.1" 200 6271
::1 - - [10/Sep/2024:15:30:57 +0200] "GET /index.php HTTP/1.1" 200 8439
::1 - - [10/Sep/2024:15:30:57 +0200] "GET /style/main.css HTTP/1.1" 304 -
::1 - - [10/Sep/2024:15:31:01 +0200] "GET /aboutme.php HTTP/1.1" 200 4893
::1 - - [10/Sep/2024:15:31:29 +0200] "POST /clienti.php HTTP/1.1" 404 295
::1 - - [10/Sep/2024:15:32:35 +0200] "POST /clienti.php HTTP/1.1" 404 295
::1 - - [10/Sep/2024:15:33:58 +0200] "GET /contatti.php HTTP/1.1" 200 4316
::1 - - [10/Sep/2024:15:34:32 +0200] "GET /contatti.php HTTP/1.1" 200 3087
::1 - - [10/Sep/2024:15:35:01 +0200] "GET /progettosingolo.php HTTP/1.1" 200 6161
::1 - - [10/Sep/2024:15:35:29 +0200] "GET /progettosingolo.php HTTP/1.1" 200 5188
::1 - - [10/Sep/2024:15:35:29 +0200] "GET /style/style.css HTTP/1.1" 304 -
::1 - - [10/Sep/2024:15:36:02 +0200] "GET /progettosingolo.php HTTP/1.1" 200 5188
::1 - - [10/Sep/2024:15:36:02 +0200] "GET /style/form.css HTTP/1.1" 304 -
::1 - - [10/Sep/2024:15:36:03 +0200] "GET /progettosingolo.php HTTP/1.1" 200 5188
::1 - - [10/Sep/2024:15:43:27 +0200] "GET /progettosingolo.php HTTP/1.1" 200 5186
::1 - - [10/Sep/2024:15:43:27 +0200] "GET /style/style.css HTTP/1.1" 304 -
::1 - - [10/Sep/2024:15:43:27 +0200] "GET /style/form.css HTTP/1.1" 304 -
::1 - - [10/Sep/2024:15:43:27 +0200] "GET /style/main.css HTTP/1.1" 304 -
::1 - - [10/Sep/2024:15:44:03 +0200] "GET /contatti.php HTTP/1.1" 200 3087
::1 - - [10/Sep/2024:15:44:11 +0200] "GET /index.php HTTP/1.1" 200 8439
::1 - - [10/Sep/2024:15:44:18 +0200] "GET /aboutme.php HTTP/1.1" 200 4893
::1 - - [10/Sep/2024:15:44:18 +0200] "GET /img/hobbi1.jpg HTTP/1.1" 304 -
::1 - - [10/Sep/2024:15:44:42 +0200] "GET /aboutme.php HTTP/1.1" 200 4892
::1 - - [10/Sep/2024:15:44:49 +0200] "GET /index.php HTTP/1.1" 200 8439
::1 - - [10/Sep/2024:15:44:55 +0200] "GET /progettosingolo.php HTTP/1.1" 200 5186
::1 - - [10/Sep/2024:15:48:06 +0200] "GET /progettosingolo.php HTTP/1.1" 200 4366
::1 - - [10/Sep/2024:15:48:10 +0200] "GET /index.php HTTP/1.1" 200 8424
::1 - - [10/Sep/2024:15:48:14 +0200] "GET /aboutme.php HTTP/1.1" 200 4892
::1 - - [10/Sep/2024:15:48:19 +0200] "GET /3496597310 HTTP/1.1" 404 295
::1 - - [10/Sep/2024:15:48:29 +0200] "POST /clienti.php HTTP/1.1" 404 295
::1 - - [10/Sep/2024:15:50:16 +0200] "POST /clienti.php HTTP/1.1" 404 295
::1 - - [10/Sep/2024:15:54:45 +0200] "GET /aboutme.php HTTP/1.1" 200 5004
::1 - - [10/Sep/2024:15:54:45 +0200] "GET /style/style.css HTTP/1.1" 304 -
::1 - - [10/Sep/2024:15:54:45 +0200] "GET /style/main.css HTTP/1.1" 304 -
::1 - - [10/Sep/2024:15:54:45 +0200] "GET /style/form.css HTTP/1.1" 304 -
::1 - - [10/Sep/2024:15:54:45 +0200] "GET /img/hobbi1.jpg HTTP/1.1" 304 -
::1 - - [10/Sep/2024:15:55:02 +0200] "GET /aboutme.php HTTP/1.1" 200 5003
::1 - - [10/Sep/2024:15:55:02 +0200] "GET /aboutme.php HTTP/1.1" 200 5003
::1 - - [10/Sep/2024:15:55:30 +0200] "POST /aboutme.php HTTP/1.1" 200 5104
::1 - - [10/Sep/2024:16:03:57 +0200] "GET /index.php HTTP/1.1" 200 8424
::1 - - [10/Sep/2024:16:03:57 +0200] "GET /style/style.css HTTP/1.1" 304 -
::1 - - [10/Sep/2024:16:03:57 +0200] "GET /style/main.css HTTP/1.1" 304 -
::1 - - [10/Sep/2024:16:03:58 +0200] "GET /aboutme.php HTTP/1.1" 200 5033
::1 - - [10/Sep/2024:16:03:58 +0200] "GET /style/form.css HTTP/1.1" 304 -
::1 - - [10/Sep/2024:16:03:58 +0200] "GET /img/hobbi1.jpg HTTP/1.1" 304 -
::1 - - [10/Sep/2024:16:05:56 +0200] "GET /aboutme.php HTTP/1.1" 200 5033
::1 - - [10/Sep/2024:16:20:14 +0200] "GET /aboutme.php HTTP/1.1" 200 5033
::1 - - [10/Sep/2024:16:20:14 +0200] "GET /style/style.css HTTP/1.1" 304 -
::1 - - [10/Sep/2024:16:20:14 +0200] "GET /style/main.css HTTP/1.1" 304 -
::1 - - [10/Sep/2024:16:20:14 +0200] "GET /style/form.css HTTP/1.1" 304 -
::1 - - [10/Sep/2024:16:20:14 +0200] "GET /img/hobbi1.jpg HTTP/1.1" 304 -
::1 - - [10/Sep/2024:16:21:06 +0200] "GET /aboutme.php HTTP/1.1" 200 5033
::1 - - [10/Sep/2024:16:21:12 +0200] "GET /aboutme.php HTTP/1.1" 200 5033
::1 - - [10/Sep/2024:16:22:27 +0200] "POST /aboutme.php HTTP/1.1" 200 5149
::1 - - [10/Sep/2024:16:22:36 +0200] "POST /aboutme.php HTTP/1.1" 200 5122
::1 - - [10/Sep/2024:16:22:41 +0200] "POST /aboutme.php HTTP/1.1" 200 5153
::1 - - [10/Sep/2024:16:23:55 +0200] "POST /aboutme.php HTTP/1.1" 200 5153
::1 - - [10/Sep/2024:16:24:19 +0200] "POST /aboutme.php HTTP/1.1" 200 5153
::1 - - [10/Sep/2024:16:24:41 +0200] "GET /contatti.php HTTP/1.1" 200 3130
::1 - - [10/Sep/2024:16:24:54 +0200] "POST /contatti.php HTTP/1.1" 200 3247
::1 - - [10/Sep/2024:16:25:42 +0200] "POST /contatti.php HTTP/1.1" 200 3247
::1 - - [10/Sep/2024:16:26:03 +0200] "POST /contatti.php HTTP/1.1" 200 3247
::1 - - [10/Sep/2024:16:26:10 +0200] "GET /aboutme.php HTTP/1.1" 200 5033
::1 - - [10/Sep/2024:16:27:55 +0200] "GET /aboutme.php HTTP/1.1" 200 5033
::1 - - [10/Sep/2024:16:28:58 +0200] "GET /index.php HTTP/1.1" 200 8424
::1 - - [10/Sep/2024:16:29:00 +0200] "GET /aboutme.php HTTP/1.1" 200 5033
::1 - - [10/Sep/2024:16:29:50 +0200] "GET /aboutme.php HTTP/1.1" 200 5033
::1 - - [10/Sep/2024:16:29:51 +0200] "GET /aboutme.php HTTP/1.1" 200 5033
::1 - - [10/Sep/2024:16:29:53 +0200] "GET /aboutme.php HTTP/1.1" 200 5033
::1 - - [10/Sep/2024:16:31:02 +0200] "GET /aboutme.php HTTP/1.1" 200 5043
::1 - - [10/Sep/2024:16:31:02 +0200] "GET /style/style.css HTTP/1.1" 304 -
::1 - - [10/Sep/2024:16:31:02 +0200] "GET /style/form.css HTTP/1.1" 304 -
::1 - - [10/Sep/2024:16:31:02 +0200] "GET /style/main.css HTTP/1.1" 304 -
::1 - - [10/Sep/2024:16:31:24 +0200] "GET /aboutme.php HTTP/1.1" 200 5043
::1 - - [10/Sep/2024:16:31:24 +0200] "GET /img/hobbi1.jpg HTTP/1.1" 304 -
::1 - - [10/Sep/2024:16:31:37 +0200] "GET /aboutme.php HTTP/1.1" 200 5043
::1 - - [10/Sep/2024:16:31:38 +0200] "GET /aboutme.php HTTP/1.1" 200 5043
::1 - - [10/Sep/2024:16:31:50 +0200] "GET /aboutme.php HTTP/1.1" 200 5043
::1 - - [10/Sep/2024:16:32:41 +0200] "GET /aboutme.php HTTP/1.1" 200 5043
::1 - - [10/Sep/2024:16:32:42 +0200] "GET /aboutme.php HTTP/1.1" 200 5043
::1 - - [10/Sep/2024:16:34:05 +0200] "GET /aboutme.php HTTP/1.1" 200 4995
::1 - - [10/Sep/2024:16:34:30 +0200] "GET /aboutme.php HTTP/1.1" 200 4981
::1 - - [10/Sep/2024:16:34:31 +0200] "GET /aboutme.php HTTP/1.1" 200 4981
::1 - - [10/Sep/2024:16:34:33 +0200] "GET /progetti.php HTTP/1.1" 200 5374
::1 - - [10/Sep/2024:16:34:58 +0200] "GET /progetti.php HTTP/1.1" 200 5374
::1 - - [10/Sep/2024:16:34:59 +0200] "GET /progetti.php HTTP/1.1" 200 5374
::1 - - [10/Sep/2024:16:35:31 +0200] "GET /aboutme.php HTTP/1.1" 200 4981
::1 - - [10/Sep/2024:16:36:59 +0200] "GET /aboutme.php HTTP/1.1" 200 4981
::1 - - [10/Sep/2024:16:37:02 +0200] "GET /index.php HTTP/1.1" 200 8424
::1 - - [10/Sep/2024:16:37:07 +0200] "GET /progetti.php HTTP/1.1" 200 5374
::1 - - [10/Sep/2024:16:37:11 +0200] "GET /progettosingolo.php HTTP/1.1" 200 4299
::1 - - [10/Sep/2024:16:37:49 +0200] "GET /progettosingolo.php HTTP/1.1" 200 5193
::1 - - [10/Sep/2024:16:37:54 +0200] "GET /progettosingolo.php HTTP/1.1" 200 5193
::1 - - [10/Sep/2024:16:39:54 +0200] "GET /progettosingolo.php HTTP/1.1" 200 5260
::1 - - [10/Sep/2024:16:39:59 +0200] "GET /aboutme.php HTTP/1.1" 200 4981
::1 - - [10/Sep/2024:16:40:24 +0200] "GET /progetti.php HTTP/1.1" 200 5374
::1 - - [10/Sep/2024:16:41:04 +0200] "GET /progetti.php HTTP/1.1" 200 5423
::1 - - [10/Sep/2024:16:41:32 +0200] "GET /progetti.php HTTP/1.1" 200 5423
::1 - - [10/Sep/2024:16:42:52 +0200] "GET /progetti.php HTTP/1.1" 200 5423
::1 - - [10/Sep/2024:16:42:52 +0200] "GET /style/style.css HTTP/1.1" 304 -
::1 - - [10/Sep/2024:16:42:52 +0200] "GET /style/main.css HTTP/1.1" 304 -
::1 - - [10/Sep/2024:16:42:52 +0200] "GET /style/form.css HTTP/1.1" 304 -
::1 - - [10/Sep/2024:16:43:21 +0200] "GET /progetti.php HTTP/1.1" 200 5374
::1 - - [10/Sep/2024:16:47:42 +0200] "GET /aboutme.php HTTP/1.1" 200 4990
::1 - - [10/Sep/2024:16:47:42 +0200] "GET /img/hobbi1.jpg HTTP/1.1" 304 -
::1 - - [10/Sep/2024:16:47:49 +0200] "GET /aboutme.php HTTP/1.1" 200 4990
::1 - - [10/Sep/2024:16:47:58 +0200] "GET /aboutme.php HTTP/1.1" 200 4990
::1 - - [10/Sep/2024:16:47:59 +0200] "GET /aboutme.php HTTP/1.1" 200 4990
::1 - - [10/Sep/2024:16:48:22 +0200] "GET /aboutme.php HTTP/1.1" 200 4980
::1 - - [10/Sep/2024:16:49:42 +0200] "GET /contatti.php HTTP/1.1" 200 3084
::1 - - [10/Sep/2024:16:49:47 +0200] "GET /progettosingolo.php HTTP/1.1" 200 5260
::1 - - [10/Sep/2024:16:50:37 +0200] "GET /progettosingolo.php HTTP/1.1" 200 5260
::1 - - [10/Sep/2024:16:50:39 +0200] "GET /index.php HTTP/1.1" 200 8427
::1 - - [10/Sep/2024:16:50:41 +0200] "GET /aboutme.php HTTP/1.1" 200 4980
::1 - - [10/Sep/2024:16:50:42 +0200] "GET /progetti.php HTTP/1.1" 200 5374
::1 - - [10/Sep/2024:16:50:44 +0200] "GET /progettosingolo.php HTTP/1.1" 200 5260
::1 - - [10/Sep/2024:16:50:46 +0200] "GET /contatti.php HTTP/1.1" 200 3084
::1 - - [10/Sep/2024:16:51:38 +0200] "GET /progetti.php HTTP/1.1" 200 5381
::1 - - [10/Sep/2024:16:51:40 +0200] "GET /progettosingolo.php HTTP/1.1" 200 5260
::1 - - [10/Sep/2024:16:53:16 +0200] "GET /progettosingolo.php HTTP/1.1" 200 5260
::1 - - [10/Sep/2024:16:53:27 +0200] "GET /progetti.php HTTP/1.1" 200 5381
::1 - - [10/Sep/2024:16:53:28 +0200] "GET /progettosingolo.php HTTP/1.1" 200 5260
::1 - - [10/Sep/2024:16:53:37 +0200] "GET /contatti.php HTTP/1.1" 200 3084
::1 - - [10/Sep/2024:16:54:53 +0200] "GET /contatti.php HTTP/1.1" 200 2817
::1 - - [10/Sep/2024:16:55:10 +0200] "GET /contatti.php HTTP/1.1" 200 3082
::1 - - [10/Sep/2024:16:55:10 +0200] "GET /style/style.css HTTP/1.1" 304 -
::1 - - [10/Sep/2024:16:55:26 +0200] "GET /contatti.php HTTP/1.1" 200 3082
::1 - - [10/Sep/2024:16:55:26 +0200] "GET /style/form.css HTTP/1.1" 304 -
::1 - - [10/Sep/2024:16:55:27 +0200] "GET /contatti.php HTTP/1.1" 200 3082
::1 - - [10/Sep/2024:16:55:36 +0200] "GET /contatti.php HTTP/1.1" 200 3082
::1 - - [10/Sep/2024:16:56:12 +0200] "GET /contatti.php HTTP/1.1" 200 3083
::1 - - [10/Sep/2024:16:56:13 +0200] "GET /contatti.php HTTP/1.1" 200 3083
::1 - - [10/Sep/2024:16:56:14 +0200] "GET /contatti.php HTTP/1.1" 200 3083
::1 - - [10/Sep/2024:16:56:36 +0200] "GET /contatti.php HTTP/1.1" 200 3112
::1 - - [10/Sep/2024:16:56:59 +0200] "GET /contatti.php HTTP/1.1" 200 3111
::1 - - [10/Sep/2024:16:57:09 +0200] "GET /contatti.php HTTP/1.1" 200 3112
::1 - - [10/Sep/2024:16:57:10 +0200] "GET /contatti.php HTTP/1.1" 200 3112
::1 - - [10/Sep/2024:16:57:16 +0200] "GET /contatti.php HTTP/1.1" 200 3113
::1 - - [10/Sep/2024:16:57:25 +0200] "GET /contatti.php HTTP/1.1" 200 3113
::1 - - [10/Sep/2024:16:57:30 +0200] "GET /contatti.php HTTP/1.1" 200 3113
::1 - - [10/Sep/2024:16:57:39 +0200] "GET /contatti.php HTTP/1.1" 200 3112
::1 - - [10/Sep/2024:16:57:45 +0200] "GET /contatti.php HTTP/1.1" 200 3112
::1 - - [10/Sep/2024:16:57:53 +0200] "GET /contatti.php HTTP/1.1" 200 3112
::1 - - [10/Sep/2024:16:58:00 +0200] "GET /contatti.php HTTP/1.1" 200 3111
::1 - - [10/Sep/2024:16:58:19 +0200] "GET /contatti.php HTTP/1.1" 200 2947
::1 - - [10/Sep/2024:16:58:49 +0200] "GET /contatti.php HTTP/1.1" 200 2947
::1 - - [10/Sep/2024:16:59:08 +0200] "GET /contatti.php HTTP/1.1" 200 2947
::1 - - [10/Sep/2024:16:59:35 +0200] "GET /contatti.php HTTP/1.1" 200 2947
::1 - - [10/Sep/2024:17:00:00 +0200] "GET /contatti.php HTTP/1.1" 200 2974
::1 - - [10/Sep/2024:17:00:13 +0200] "GET /contatti.php HTTP/1.1" 200 2968
::1 - - [10/Sep/2024:17:00:24 +0200] "GET /contatti.php HTTP/1.1" 200 2951
::1 - - [10/Sep/2024:17:00:42 +0200] "GET /contatti.php HTTP/1.1" 200 2982
::1 - - [10/Sep/2024:17:00:52 +0200] "GET /contatti.php HTTP/1.1" 200 3004
::1 - - [10/Sep/2024:17:00:59 +0200] "GET /contatti.php HTTP/1.1" 200 3004
::1 - - [10/Sep/2024:17:01:29 +0200] "GET /contatti.php HTTP/1.1" 200 3003
::1 - - [10/Sep/2024:17:01:30 +0200] "GET /contatti.php HTTP/1.1" 200 3003
::1 - - [10/Sep/2024:17:01:37 +0200] "GET /contatti.php HTTP/1.1" 200 2966
::1 - - [10/Sep/2024:17:01:45 +0200] "GET /contatti.php HTTP/1.1" 200 2933
::1 - - [10/Sep/2024:17:01:57 +0200] "GET /contatti.php HTTP/1.1" 200 2966
::1 - - [10/Sep/2024:17:02:04 +0200] "GET /contatti.php HTTP/1.1" 200 2966
::1 - - [10/Sep/2024:17:02:17 +0200] "GET /contatti.php HTTP/1.1" 200 2966
::1 - - [10/Sep/2024:17:02:24 +0200] "GET /contatti.php HTTP/1.1" 200 2966
::1 - - [10/Sep/2024:17:02:54 +0200] "GET /progettosingolo.php HTTP/1.1" 200 5096
::1 - - [10/Sep/2024:17:02:54 +0200] "GET /style/main.css HTTP/1.1" 304 -
::1 - - [10/Sep/2024:17:03:56 +0200] "GET /progettosingolo.php HTTP/1.1" 200 5096
::1 - - [10/Sep/2024:17:03:57 +0200] "GET /progettosingolo.php HTTP/1.1" 200 5096
::1 - - [10/Sep/2024:17:04:13 +0200] "GET /contatti.php HTTP/1.1" 200 2915
::1 - - [10/Sep/2024:17:04:16 +0200] "GET /contatti.php HTTP/1.1" 200 2915
::1 - - [10/Sep/2024:17:05:21 +0200] "GET /contatti.php HTTP/1.1" 200 2915
::1 - - [10/Sep/2024:17:05:22 +0200] "GET /contatti.php HTTP/1.1" 200 2915
::1 - - [10/Sep/2024:17:05:43 +0200] "GET /contatti.php HTTP/1.1" 200 2915
::1 - - [10/Sep/2024:17:05:44 +0200] "GET /contatti.php HTTP/1.1" 200 2915
::1 - - [10/Sep/2024:17:05:44 +0200] "GET /contatti.php HTTP/1.1" 200 2915
::1 - - [10/Sep/2024:17:05:45 +0200] "GET /contatti.php HTTP/1.1" 200 2915
::1 - - [10/Sep/2024:17:06:03 +0200] "GET /contatti.php HTTP/1.1" 200 2915
::1 - - [10/Sep/2024:17:06:04 +0200] "GET /contatti.php HTTP/1.1" 200 2915
::1 - - [10/Sep/2024:17:08:56 +0200] "GET /contatti.php HTTP/1.1" 200 2915
::1 - - [10/Sep/2024:17:08:56 +0200] "GET /style/style.css HTTP/1.1" 304 -
::1 - - [10/Sep/2024:17:08:57 +0200] "GET /contatti.php HTTP/1.1" 200 2915
::1 - - [10/Sep/2024:17:08:57 +0200] "GET /contatti.php HTTP/1.1" 200 2915
::1 - - [10/Sep/2024:17:08:58 +0200] "GET /contatti.php HTTP/1.1" 200 2915
::1 - - [10/Sep/2024:17:22:30 +0200] "GET /contatti.php HTTP/1.1" 200 2915
::1 - - [10/Sep/2024:17:22:30 +0200] "GET /style/form.css HTTP/1.1" 200 824
::1 - - [10/Sep/2024:17:22:43 +0200] "GET /aboutme.php HTTP/1.1" 200 4816
::1 - - [10/Sep/2024:17:22:43 +0200] "GET /style/form.css HTTP/1.1" 304 -
::1 - - [10/Sep/2024:17:22:43 +0200] "GET /style/main.css HTTP/1.1" 200 926
::1 - - [10/Sep/2024:17:22:43 +0200] "GET /img/hobbi1.jpg HTTP/1.1" 304 -
::1 - - [10/Sep/2024:17:23:14 +0200] "GET /aboutme.php HTTP/1.1" 200 4816
::1 - - [10/Sep/2024:17:23:14 +0200] "GET /style/form.css HTTP/1.1" 304 -
::1 - - [10/Sep/2024:17:23:15 +0200] "GET /aboutme.php HTTP/1.1" 200 4816
::1 - - [10/Sep/2024:17:23:20 +0200] "GET /aboutme.php HTTP/1.1" 200 4816
::1 - - [10/Sep/2024:17:23:20 +0200] "GET /style/form.css HTTP/1.1" 200 824
::1 - - [10/Sep/2024:17:23:21 +0200] "GET /aboutme.php HTTP/1.1" 200 4816
::1 - - [10/Sep/2024:17:23:21 +0200] "GET /style/form.css HTTP/1.1" 304 -
::1 - - [10/Sep/2024:17:23:33 +0200] "GET /contatti.php HTTP/1.1" 200 2915
::1 - - [10/Sep/2024:17:23:33 +0200] "GET /style/form.css HTTP/1.1" 304 -
::1 - - [10/Sep/2024:17:23:59 +0200] "GET /contatti.php HTTP/1.1" 200 2915
::1 - - [10/Sep/2024:17:23:59 +0200] "GET /style/style.css HTTP/1.1" 200 2514
::1 - - [10/Sep/2024:17:23:59 +0200] "GET /style/form.css HTTP/1.1" 200 731
::1 - - [10/Sep/2024:17:24:38 +0200] "GET /contatti.php HTTP/1.1" 200 2882
::1 - - [10/Sep/2024:17:24:38 +0200] "GET /style/form.css HTTP/1.1" 304 -
::1 - - [10/Sep/2024:17:26:14 +0200] "GET /progetti.php HTTP/1.1" 200 5217
::1 - - [10/Sep/2024:17:26:14 +0200] "GET /style/style.css HTTP/1.1" 304 -
::1 - - [10/Sep/2024:17:26:14 +0200] "GET /style/main.css HTTP/1.1" 304 -
::1 - - [10/Sep/2024:17:26:14 +0200] "GET /style/form.css HTTP/1.1" 304 -
::1 - - [10/Sep/2024:17:26:29 +0200] "GET /progetti.php HTTP/1.1" 200 5217
::1 - - [10/Sep/2024:17:26:29 +0200] "GET /style/form.css HTTP/1.1" 304 -
::1 - - [10/Sep/2024:17:26:35 +0200] "GET /contatti.php HTTP/1.1" 200 2915
::1 - - [10/Sep/2024:17:26:40 +0200] "GET /progettosingolo.php HTTP/1.1" 200 5096
::1 - - [10/Sep/2024:17:27:19 +0200] "GET /progettosingolo.php HTTP/1.1" 200 5096
::1 - - [10/Sep/2024:17:27:19 +0200] "GET /style/form.css HTTP/1.1" 200 731
::1 - - [10/Sep/2024:17:27:29 +0200] "GET /progettosingolo.php HTTP/1.1" 200 5096
::1 - - [10/Sep/2024:17:27:29 +0200] "GET /style/form.css HTTP/1.1" 200 731
::1 - - [10/Sep/2024:17:27:35 +0200] "GET /progettosingolo.php HTTP/1.1" 200 5096
::1 - - [10/Sep/2024:17:27:35 +0200] "GET /style/form.css HTTP/1.1" 200 731
::1 - - [10/Sep/2024:17:27:41 +0200] "GET /progettosingolo.php HTTP/1.1" 200 5096
::1 - - [10/Sep/2024:17:27:41 +0200] "GET /style/form.css HTTP/1.1" 200 731
::1 - - [10/Sep/2024:17:27:51 +0200] "GET /contatti.php HTTP/1.1" 200 2915
::1 - - [10/Sep/2024:17:27:51 +0200] "GET /style/style.css HTTP/1.1" 304 -
::1 - - [10/Sep/2024:17:27:51 +0200] "GET /style/form.css HTTP/1.1" 304 -
::1 - - [10/Sep/2024:17:28:07 +0200] "GET /contatti.php HTTP/1.1" 200 2915
::1 - - [10/Sep/2024:17:28:07 +0200] "GET /style/form.css HTTP/1.1" 200 731
::1 - - [10/Sep/2024:17:29:23 +0200] "GET /contatti.php HTTP/1.1" 200 2915
::1 - - [10/Sep/2024:17:29:23 +0200] "GET /style/form.css HTTP/1.1" 200 797
::1 - - [10/Sep/2024:17:29:30 +0200] "GET /contatti.php HTTP/1.1" 200 2915
::1 - - [10/Sep/2024:17:29:30 +0200] "GET /style/form.css HTTP/1.1" 200 797
::1 - - [10/Sep/2024:17:29:41 +0200] "GET /contatti.php HTTP/1.1" 200 2915
::1 - - [10/Sep/2024:17:29:41 +0200] "GET /style/style.css HTTP/1.1" 304 -
::1 - - [10/Sep/2024:17:29:41 +0200] "GET /style/form.css HTTP/1.1" 200 820
::1 - - [10/Sep/2024:17:29:46 +0200] "GET /progettosingolo.php HTTP/1.1" 200 5096
::1 - - [10/Sep/2024:17:29:46 +0200] "GET /style/main.css HTTP/1.1" 304 -
::1 - - [10/Sep/2024:17:29:46 +0200] "GET /style/form.css HTTP/1.1" 304 -
::1 - - [10/Sep/2024:17:29:55 +0200] "GET /progetti.php HTTP/1.1" 200 5217
::1 - - [10/Sep/2024:17:29:55 +0200] "GET /style/form.css HTTP/1.1" 304 -
::1 - - [10/Sep/2024:17:30:02 +0200] "GET /aboutme.php HTTP/1.1" 200 4816
::1 - - [10/Sep/2024:17:30:02 +0200] "GET /style/form.css HTTP/1.1" 304 -
::1 - - [10/Sep/2024:17:30:10 +0200] "GET /index.php HTTP/1.1" 200 8427
::1 - - [10/Sep/2024:17:30:32 +0200] "GET /progettosingolo.php HTTP/1.1" 200 5096
::1 - - [10/Sep/2024:17:30:32 +0200] "GET /style/form.css HTTP/1.1" 200 877
::1 - - [10/Sep/2024:17:30:36 +0200] "GET /progettosingolo.php HTTP/1.1" 200 5096
::1 - - [10/Sep/2024:17:30:36 +0200] "GET /style/form.css HTTP/1.1" 304 -
::1 - - [10/Sep/2024:17:30:38 +0200] "POST /progettosingolo.php HTTP/1.1" 200 5226
::1 - - [10/Sep/2024:17:30:38 +0200] "GET /style/form.css HTTP/1.1" 304 -
::1 - - [10/Sep/2024:17:31:07 +0200] "POST /progettosingolo.php HTTP/1.1" 200 5226
::1 - - [10/Sep/2024:17:31:07 +0200] "GET /style/form.css HTTP/1.1" 200 877
::1 - - [10/Sep/2024:17:31:14 +0200] "GET /contatti.php HTTP/1.1" 200 2915
::1 - - [10/Sep/2024:17:31:14 +0200] "GET /style/form.css HTTP/1.1" 304 -
::1 - - [10/Sep/2024:17:31:36 +0200] "GET /contatti.php HTTP/1.1" 200 2916
::1 - - [10/Sep/2024:17:31:36 +0200] "GET /style/style.css HTTP/1.1" 304 -
::1 - - [10/Sep/2024:17:31:36 +0200] "GET /style/form.css HTTP/1.1" 304 -
::1 - - [10/Sep/2024:17:31:48 +0200] "GET /contatti.php HTTP/1.1" 200 2909
::1 - - [10/Sep/2024:17:31:48 +0200] "GET /style/form.css HTTP/1.1" 304 -
::1 - - [10/Sep/2024:17:33:15 +0200] "GET /contatti.php HTTP/1.1" 200 2931
::1 - - [10/Sep/2024:17:33:15 +0200] "GET /style/form.css HTTP/1.1" 304 -
::1 - - [10/Sep/2024:17:33:23 +0200] "GET /contatti.php HTTP/1.1" 200 2931
::1 - - [10/Sep/2024:17:33:30 +0200] "GET /contatti.php HTTP/1.1" 200 2932
::1 - - [10/Sep/2024:17:33:30 +0200] "GET /style/form.css HTTP/1.1" 304 -
::1 - - [10/Sep/2024:17:33:31 +0200] "GET /contatti.php HTTP/1.1" 200 2932
::1 - - [10/Sep/2024:17:33:44 +0200] "GET /contatti.php HTTP/1.1" 200 2931
::1 - - [10/Sep/2024:17:33:44 +0200] "GET /style/style.css HTTP/1.1" 304 -
::1 - - [10/Sep/2024:17:33:55 +0200] "GET /contatti.php HTTP/1.1" 200 2931
::1 - - [10/Sep/2024:17:33:55 +0200] "GET /style/form.css HTTP/1.1" 304 -
::1 - - [10/Sep/2024:17:34:01 +0200] "GET /contatti.php HTTP/1.1" 200 2930
::1 - - [10/Sep/2024:17:34:10 +0200] "GET /contatti.php HTTP/1.1" 200 2930
::1 - - [10/Sep/2024:17:34:16 +0200] "GET /contatti.php HTTP/1.1" 200 2930
::1 - - [10/Sep/2024:17:34:16 +0200] "GET /style/form.css HTTP/1.1" 304 -
::1 - - [10/Sep/2024:17:34:31 +0200] "GET /contatti.php HTTP/1.1" 200 2930
::1 - - [10/Sep/2024:17:35:02 +0200] "GET /contatti.php HTTP/1.1" 200 2961
::1 - - [10/Sep/2024:17:35:02 +0200] "GET /style/form.css HTTP/1.1" 304 -
::1 - - [10/Sep/2024:17:36:01 +0200] "GET /contatti.php HTTP/1.1" 200 2980
::1 - - [10/Sep/2024:17:36:01 +0200] "GET /style/style.css HTTP/1.1" 304 -
::1 - - [10/Sep/2024:17:36:01 +0200] "GET /style/form.css HTTP/1.1" 200 907
::1 - - [10/Sep/2024:17:36:13 +0200] "GET /contatti.php HTTP/1.1" 200 2980
::1 - - [10/Sep/2024:17:36:13 +0200] "GET /style/form.css HTTP/1.1" 200 907
::1 - - [10/Sep/2024:17:36:22 +0200] "GET /contatti.php HTTP/1.1" 200 2980
::1 - - [10/Sep/2024:17:36:22 +0200] "GET /style/form.css HTTP/1.1" 200 927
::1 - - [10/Sep/2024:17:37:13 +0200] "GET /contatti.php HTTP/1.1" 200 3004
::1 - - [10/Sep/2024:17:37:13 +0200] "GET /style/form.css HTTP/1.1" 200 908
::1 - - [10/Sep/2024:17:37:14 +0200] "GET /contatti.php HTTP/1.1" 200 3004
::1 - - [10/Sep/2024:17:37:14 +0200] "GET /style/form.css HTTP/1.1" 304 -
::1 - - [10/Sep/2024:17:37:28 +0200] "GET /contatti.php HTTP/1.1" 200 3004
::1 - - [10/Sep/2024:17:37:28 +0200] "GET /style/form.css HTTP/1.1" 200 908
::1 - - [10/Sep/2024:17:37:29 +0200] "GET /contatti.php HTTP/1.1" 200 3004
::1 - - [10/Sep/2024:17:37:29 +0200] "GET /style/form.css HTTP/1.1" 304 -
::1 - - [10/Sep/2024:17:37:30 +0200] "GET /contatti.php HTTP/1.1" 200 3004
::1 - - [10/Sep/2024:17:37:30 +0200] "GET /style/form.css HTTP/1.1" 304 -
::1 - - [10/Sep/2024:17:38:08 +0200] "GET /contatti.php HTTP/1.1" 200 3004
::1 - - [10/Sep/2024:17:38:09 +0200] "GET /style/form.css HTTP/1.1" 200 906
::1 - - [10/Sep/2024:17:38:09 +0200] "GET /contatti.php HTTP/1.1" 200 3004
::1 - - [10/Sep/2024:17:38:09 +0200] "GET /style/form.css HTTP/1.1" 304 -
::1 - - [10/Sep/2024:17:38:12 +0200] "GET /aboutme.php HTTP/1.1" 200 4859
::1 - - [10/Sep/2024:17:38:12 +0200] "GET /style/main.css HTTP/1.1" 304 -
::1 - - [10/Sep/2024:17:38:12 +0200] "GET /style/form.css HTTP/1.1" 304 -
::1 - - [10/Sep/2024:17:38:32 +0200] "GET /aboutme.php HTTP/1.1" 200 4816
::1 - - [10/Sep/2024:17:38:32 +0200] "GET /style/style.css HTTP/1.1" 304 -
::1 - - [10/Sep/2024:17:38:32 +0200] "GET /style/form.css HTTP/1.1" 200 877
::1 - - [10/Sep/2024:17:38:33 +0200] "GET /aboutme.php HTTP/1.1" 200 4816
::1 - - [10/Sep/2024:17:38:33 +0200] "GET /style/form.css HTTP/1.1" 304 -
::1 - - [10/Sep/2024:17:38:33 +0200] "GET /aboutme.php HTTP/1.1" 200 4816
::1 - - [10/Sep/2024:17:38:33 +0200] "GET /aboutme.php HTTP/1.1" 200 4816
::1 - - [10/Sep/2024:17:38:34 +0200] "GET /aboutme.php HTTP/1.1" 200 4816
::1 - - [10/Sep/2024:17:38:34 +0200] "GET /aboutme.php HTTP/1.1" 200 4816
::1 - - [10/Sep/2024:17:38:34 +0200] "GET /style/form.css HTTP/1.1" 304 -
::1 - - [10/Sep/2024:17:38:34 +0200] "GET /aboutme.php HTTP/1.1" 200 4816
::1 - - [10/Sep/2024:17:38:34 +0200] "GET /aboutme.php HTTP/1.1" 200 4816
::1 - - [10/Sep/2024:17:39:05 +0200] "GET /aboutme.php HTTP/1.1" 200 4816
::1 - - [10/Sep/2024:17:39:05 +0200] "GET /style/form.css HTTP/1.1" 304 -
::1 - - [10/Sep/2024:17:39:08 +0200] "GET /progetti.php HTTP/1.1" 200 5217
::1 - - [10/Sep/2024:17:40:28 +0200] "GET /progetti.php HTTP/1.1" 200 5217
::1 - - [10/Sep/2024:17:40:28 +0200] "GET /style/form.css HTTP/1.1" 304 -
::1 - - [10/Sep/2024:17:45:42 +0200] "GET /progetti.php HTTP/1.1" 200 5217
::1 - - [10/Sep/2024:17:45:42 +0200] "GET /style/style.css HTTP/1.1" 304 -
::1 - - [10/Sep/2024:17:45:42 +0200] "GET /style/form.css HTTP/1.1" 304 -
::1 - - [10/Sep/2024:17:45:42 +0200] "GET /style/main.css HTTP/1.1" 200 1082
::1 - - [10/Sep/2024:17:45:45 +0200] "GET /aboutme.php HTTP/1.1" 200 4816
::1 - - [10/Sep/2024:17:45:45 +0200] "GET /style/main.css HTTP/1.1" 304 -
::1 - - [10/Sep/2024:17:45:45 +0200] "GET /img/hobbi1.jpg HTTP/1.1" 304 -
::1 - - [10/Sep/2024:21:01:59 +0200] "GET /index.php HTTP/1.1" 200 8427
::1 - - [10/Sep/2024:21:01:59 +0200] "GET /style/style.css HTTP/1.1" 304 -
::1 - - [10/Sep/2024:21:01:59 +0200] "GET /style/main.css HTTP/1.1" 304 -
::1 - - [10/Sep/2024:21:02:39 +0200] "GET /aboutme.php HTTP/1.1" 200 4816
::1 - - [10/Sep/2024:21:02:39 +0200] "GET /style/form.css HTTP/1.1" 304 -
::1 - - [10/Sep/2024:21:02:39 +0200] "GET /img/hobbi1.jpg HTTP/1.1" 304 -
::1 - - [10/Sep/2024:21:02:46 +0200] "GET /progetti.php HTTP/1.1" 200 5217
::1 - - [10/Sep/2024:21:02:50 +0200] "GET /progettosingolo.php HTTP/1.1" 200 5096
::1 - - [10/Sep/2024:21:02:55 +0200] "GET /contatti.php HTTP/1.1" 200 2961
::1 - - [10/Sep/2024:21:03:01 +0200] "POST /contatti.php HTTP/1.1" 200 3091
::1 - - [10/Sep/2024:21:03:15 +0200] "POST /contatti.php HTTP/1.1" 200 3097
::1 - - [10/Sep/2024:21:03:34 +0200] "POST /contatti.php HTTP/1.1" 200 3090
::1 - - [10/Sep/2024:21:06:30 +0200] "POST /contatti.php HTTP/1.1" 200 3103
::1 - - [10/Sep/2024:21:07:45 +0200] "POST /contatti.php HTTP/1.1" 200 3041
::1 - - [10/Sep/2024:21:07:48 +0200] "POST /contatti.php HTTP/1.1" 200 3041
::1 - - [10/Sep/2024:21:10:03 +0200] "GET /progetti.php HTTP/1.1" 200 5217
::1 - - [10/Sep/2024:21:10:08 +0200] "POST /progetti.php HTTP/1.1" 200 5347
::1 - - [11/Sep/2024:14:28:32 +0200] "POST /progetti.php HTTP/1.1" 200 5347
::1 - - [11/Sep/2024:14:28:32 +0200] "GET /style/style.css HTTP/1.1" 304 -
::1 - - [11/Sep/2024:14:28:32 +0200] "GET /style/main.css HTTP/1.1" 304 -
::1 - - [11/Sep/2024:14:28:32 +0200] "GET /style/form.css HTTP/1.1" 304 -
::1 - - [11/Sep/2024:14:28:32 +0200] "GET /favicon.ico HTTP/1.1" 404 295
::1 - - [11/Sep/2024:14:28:50 +0200] "GET /aboutme.php HTTP/1.1" 200 4816
::1 - - [11/Sep/2024:14:28:50 +0200] "GET /img/hobbi1.jpg HTTP/1.1" 304 -
::1 - - [11/Sep/2024:14:28:56 +0200] "GET /progetti.php HTTP/1.1" 200 5217
::1 - - [11/Sep/2024:14:29:03 +0200] "GET /progettosingolo.php HTTP/1.1" 200 5096
::1 - - [11/Sep/2024:14:29:09 +0200] "GET /contatti.php HTTP/1.1" 200 2974
::1 - - [11/Sep/2024:14:35:37 +0200] "GET /aboutme.php HTTP/1.1" 200 4940
::1 - - [11/Sep/2024:14:37:12 +0200] "GET /aboutme.php HTTP/1.1" 200 4939
::1 - - [11/Sep/2024:14:39:10 +0200] "GET /aboutme.php HTTP/1.1" 200 4905
::1 - - [11/Sep/2024:14:40:00 +0200] "GET /aboutme.php HTTP/1.1" 200 4896
::1 - - [11/Sep/2024:14:41:39 +0200] "GET /index.php HTTP/1.1" 200 8427
::1 - - [11/Sep/2024:14:42:06 +0200] "GET /progetti.php HTTP/1.1" 200 5217
::1 - - [11/Sep/2024:14:42:58 +0200] "GET /aboutme.php HTTP/1.1" 200 4896
::1 - - [11/Sep/2024:14:44:20 +0200] "GET /aboutme.php HTTP/1.1" 200 4896
::1 - - [11/Sep/2024:14:44:22 +0200] "GET /aboutme.php HTTP/1.1" 200 4896
::1 - - [11/Sep/2024:14:47:19 +0200] "GET /aboutme.php HTTP/1.1" 200 4950
::1 - - [11/Sep/2024:14:48:42 +0200] "GET /aboutme.php HTTP/1.1" 200 4950
::1 - - [11/Sep/2024:14:49:07 +0200] "GET /aboutme.php HTTP/1.1" 200 4952
::1 - - [11/Sep/2024:14:51:01 +0200] "GET /aboutme.php HTTP/1.1" 200 4950
::1 - - [11/Sep/2024:14:51:02 +0200] "GET /aboutme.php HTTP/1.1" 200 4950
::1 - - [11/Sep/2024:14:51:03 +0200] "GET /aboutme.php HTTP/1.1" 200 4950
::1 - - [11/Sep/2024:14:51:30 +0200] "GET /aboutme.php HTTP/1.1" 200 5128
::1 - - [11/Sep/2024:14:51:46 +0200] "GET /aboutme.php HTTP/1.1" 200 5128
::1 - - [11/Sep/2024:14:51:47 +0200] "GET /aboutme.php HTTP/1.1" 200 5128
::1 - - [11/Sep/2024:14:51:48 +0200] "GET /aboutme.php HTTP/1.1" 200 5128
::1 - - [11/Sep/2024:14:51:48 +0200] "GET /aboutme.php HTTP/1.1" 200 5128
::1 - - [11/Sep/2024:14:51:48 +0200] "GET /aboutme.php HTTP/1.1" 200 5128
::1 - - [11/Sep/2024:14:51:48 +0200] "GET /aboutme.php HTTP/1.1" 200 5128
::1 - - [11/Sep/2024:14:51:48 +0200] "GET /aboutme.php HTTP/1.1" 200 5128
::1 - - [11/Sep/2024:14:51:48 +0200] "GET /aboutme.php HTTP/1.1" 200 5128
::1 - - [11/Sep/2024:14:51:49 +0200] "GET /aboutme.php HTTP/1.1" 200 5128
::1 - - [11/Sep/2024:14:51:49 +0200] "GET /aboutme.php HTTP/1.1" 200 5128
::1 - - [11/Sep/2024:14:51:49 +0200] "GET /aboutme.php HTTP/1.1" 200 5128
::1 - - [11/Sep/2024:14:51:49 +0200] "GET /aboutme.php HTTP/1.1" 200 5128
::1 - - [11/Sep/2024:14:51:49 +0200] "GET /aboutme.php HTTP/1.1" 200 5128
::1 - - [11/Sep/2024:14:51:50 +0200] "GET /aboutme.php HTTP/1.1" 200 5128
::1 - - [11/Sep/2024:14:52:21 +0200] "GET /aboutme.php HTTP/1.1" 200 5128
::1 - - [11/Sep/2024:14:52:22 +0200] "GET /aboutme.php HTTP/1.1" 200 5128
::1 - - [11/Sep/2024:14:52:23 +0200] "GET /aboutme.php HTTP/1.1" 200 5128
::1 - - [11/Sep/2024:14:52:23 +0200] "GET /aboutme.php HTTP/1.1" 200 5128
::1 - - [11/Sep/2024:14:52:23 +0200] "GET /aboutme.php HTTP/1.1" 200 5128
::1 - - [11/Sep/2024:14:52:23 +0200] "GET /aboutme.php HTTP/1.1" 200 5128
::1 - - [11/Sep/2024:14:52:23 +0200] "GET /aboutme.php HTTP/1.1" 200 5128
::1 - - [11/Sep/2024:14:52:24 +0200] "GET /aboutme.php HTTP/1.1" 200 5128
::1 - - [11/Sep/2024:14:52:24 +0200] "GET /aboutme.php HTTP/1.1" 200 5128
::1 - - [11/Sep/2024:14:52:24 +0200] "GET /aboutme.php HTTP/1.1" 200 5128
::1 - - [11/Sep/2024:14:52:35 +0200] "GET /aboutme.php HTTP/1.1" 200 5128
::1 - - [11/Sep/2024:14:52:35 +0200] "GET /aboutme.php HTTP/1.1" 200 5128
::1 - - [11/Sep/2024:14:52:36 +0200] "GET /aboutme.php HTTP/1.1" 200 5128
::1 - - [11/Sep/2024:14:52:36 +0200] "GET /aboutme.php HTTP/1.1" 200 5128
::1 - - [11/Sep/2024:14:52:36 +0200] "GET /aboutme.php HTTP/1.1" 200 5128
::1 - - [11/Sep/2024:14:52:36 +0200] "GET /aboutme.php HTTP/1.1" 200 5128
::1 - - [11/Sep/2024:14:52:37 +0200] "GET /aboutme.php HTTP/1.1" 200 5128
::1 - - [11/Sep/2024:14:52:37 +0200] "GET /aboutme.php HTTP/1.1" 200 5128
::1 - - [11/Sep/2024:14:52:37 +0200] "GET /aboutme.php HTTP/1.1" 200 5128
::1 - - [11/Sep/2024:14:52:37 +0200] "GET /aboutme.php HTTP/1.1" 200 5128
::1 - - [11/Sep/2024:14:52:37 +0200] "GET /aboutme.php HTTP/1.1" 200 5128
::1 - - [11/Sep/2024:14:52:38 +0200] "GET /aboutme.php HTTP/1.1" 200 5128
::1 - - [11/Sep/2024:14:52:45 +0200] "GET /aboutme.php HTTP/1.1" 200 5064
::1 - - [11/Sep/2024:14:54:12 +0200] "GET /aboutme.php HTTP/1.1" 200 5128
::1 - - [11/Sep/2024:14:54:13 +0200] "GET /aboutme.php HTTP/1.1" 200 5128
::1 - - [11/Sep/2024:14:54:14 +0200] "GET /aboutme.php HTTP/1.1" 200 5128
::1 - - [11/Sep/2024:14:55:27 +0200] "GET /aboutme.php HTTP/1.1" 200 4768
::1 - - [11/Sep/2024:15:03:52 +0200] "GET /aboutme.php HTTP/1.1" 200 4768
::1 - - [11/Sep/2024:15:04:05 +0200] "GET /aboutme.php HTTP/1.1" 200 4442
::1 - - [11/Sep/2024:15:04:14 +0200] "GET /aboutme.php HTTP/1.1" 200 4442
::1 - - [11/Sep/2024:15:04:22 +0200] "GET /aboutme.php HTTP/1.1" 200 4442
::1 - - [11/Sep/2024:15:04:23 +0200] "GET /aboutme.php HTTP/1.1" 200 4442
::1 - - [11/Sep/2024:15:04:40 +0200] "GET /aboutme.php HTTP/1.1" 200 4442
::1 - - [11/Sep/2024:15:04:41 +0200] "GET /aboutme.php HTTP/1.1" 200 4442
::1 - - [11/Sep/2024:15:04:42 +0200] "GET /aboutme.php HTTP/1.1" 200 4442
::1 - - [11/Sep/2024:15:04:42 +0200] "GET /aboutme.php HTTP/1.1" 200 4442
::1 - - [11/Sep/2024:15:04:42 +0200] "GET /aboutme.php HTTP/1.1" 200 4442
::1 - - [11/Sep/2024:15:04:53 +0200] "GET /aboutme.php HTTP/1.1" 200 4442
::1 - - [11/Sep/2024:15:04:54 +0200] "GET /aboutme.php HTTP/1.1" 200 4442
::1 - - [11/Sep/2024:15:04:56 +0200] "GET /index.php HTTP/1.1" 200 8427
::1 - - [11/Sep/2024:15:04:57 +0200] "GET /aboutme.php HTTP/1.1" 200 4442
::1 - - [11/Sep/2024:15:04:58 +0200] "GET /progetti.php HTTP/1.1" 200 5217
::1 - - [11/Sep/2024:15:04:59 +0200] "GET /progettosingolo.php HTTP/1.1" 200 5096
::1 - - [11/Sep/2024:15:05:01 +0200] "GET /aboutme.php HTTP/1.1" 200 4442
::1 - - [11/Sep/2024:15:07:31 +0200] "GET /aboutme.php HTTP/1.1" 200 4442
::1 - - [11/Sep/2024:15:07:32 +0200] "GET /aboutme.php HTTP/1.1" 200 4442
::1 - - [11/Sep/2024:15:07:32 +0200] "GET /aboutme.php HTTP/1.1" 200 4442
::1 - - [11/Sep/2024:15:07:32 +0200] "GET /aboutme.php HTTP/1.1" 200 4442
::1 - - [11/Sep/2024:15:07:32 +0200] "GET /aboutme.php HTTP/1.1" 200 4442
::1 - - [11/Sep/2024:15:07:33 +0200] "GET /aboutme.php HTTP/1.1" 200 4442
::1 - - [11/Sep/2024:15:08:28 +0200] "GET /aboutme.php HTTP/1.1" 200 4442
::1 - - [11/Sep/2024:15:08:29 +0200] "GET /aboutme.php HTTP/1.1" 200 4442
::1 - - [11/Sep/2024:15:08:29 +0200] "GET /aboutme.php HTTP/1.1" 200 4442
::1 - - [11/Sep/2024:15:08:29 +0200] "GET /aboutme.php HTTP/1.1" 200 4442
::1 - - [11/Sep/2024:15:08:30 +0200] "GET /aboutme.php HTTP/1.1" 200 4442
::1 - - [11/Sep/2024:15:08:30 +0200] "GET /aboutme.php HTTP/1.1" 200 4442
::1 - - [11/Sep/2024:15:08:30 +0200] "GET /aboutme.php HTTP/1.1" 200 4442
::1 - - [11/Sep/2024:15:08:30 +0200] "GET /aboutme.php HTTP/1.1" 200 4442
::1 - - [11/Sep/2024:15:08:30 +0200] "GET /aboutme.php HTTP/1.1" 200 4442
::1 - - [11/Sep/2024:15:08:46 +0200] "GET /aboutme.php HTTP/1.1" 200 4395
::1 - - [11/Sep/2024:15:08:46 +0200] "GET /aboutme.php HTTP/1.1" 200 4395
::1 - - [11/Sep/2024:15:08:47 +0200] "GET /aboutme.php HTTP/1.1" 200 4395
::1 - - [11/Sep/2024:15:08:48 +0200] "GET /aboutme.php HTTP/1.1" 200 4395
::1 - - [11/Sep/2024:15:10:01 +0200] "GET /aboutme.php HTTP/1.1" 200 4743
::1 - - [11/Sep/2024:15:10:24 +0200] "GET /aboutme.php HTTP/1.1" 200 4734
::1 - - [11/Sep/2024:15:10:33 +0200] "GET /aboutme.php HTTP/1.1" 200 4726
::1 - - [11/Sep/2024:15:11:35 +0200] "GET /index.php HTTP/1.1" 200 8164
::1 - - [11/Sep/2024:15:11:37 +0200] "GET /index.php HTTP/1.1" 200 8164
::1 - - [11/Sep/2024:15:11:45 +0200] "GET /index.php HTTP/1.1" 200 8349
::1 - - [11/Sep/2024:15:11:46 +0200] "GET /index.php HTTP/1.1" 200 8349
::1 - - [11/Sep/2024:15:12:07 +0200] "GET /progetti.php HTTP/1.1" 200 5139
::1 - - [11/Sep/2024:15:12:09 +0200] "GET /progettosingolo.php HTTP/1.1" 200 5096
::1 - - [11/Sep/2024:15:12:11 +0200] "GET /progetti.php HTTP/1.1" 200 5139
::1 - - [11/Sep/2024:15:12:18 +0200] "GET /progetti.php HTTP/1.1" 200 4876
::1 - - [11/Sep/2024:15:12:31 +0200] "GET /progetti.php HTTP/1.1" 200 5139
::1 - - [11/Sep/2024:15:13:11 +0200] "GET /aboutme.php HTTP/1.1" 200 4414
::1 - - [11/Sep/2024:15:13:13 +0200] "GET /aboutme.php HTTP/1.1" 200 4414
::1 - - [11/Sep/2024:15:13:14 +0200] "GET /aboutme.php HTTP/1.1" 200 4414
::1 - - [11/Sep/2024:15:13:14 +0200] "GET /aboutme.php HTTP/1.1" 200 4414
::1 - - [11/Sep/2024:15:13:19 +0200] "GET /aboutme.php HTTP/1.1" 200 4395
::1 - - [11/Sep/2024:15:13:20 +0200] "GET /aboutme.php HTTP/1.1" 200 4395
::1 - - [11/Sep/2024:15:13:20 +0200] "GET /aboutme.php HTTP/1.1" 200 4395
::1 - - [11/Sep/2024:15:13:20 +0200] "GET /aboutme.php HTTP/1.1" 200 4395
::1 - - [11/Sep/2024:15:13:20 +0200] "GET /aboutme.php HTTP/1.1" 200 4395
::1 - - [11/Sep/2024:15:13:21 +0200] "GET /aboutme.php HTTP/1.1" 200 4395
::1 - - [11/Sep/2024:15:13:21 +0200] "GET /aboutme.php HTTP/1.1" 200 4395
::1 - - [11/Sep/2024:15:13:21 +0200] "GET /aboutme.php HTTP/1.1" 200 4395
::1 - - [11/Sep/2024:15:14:15 +0200] "GET /aboutme.php HTTP/1.1" 200 4395
::1 - - [11/Sep/2024:15:14:16 +0200] "GET /aboutme.php HTTP/1.1" 200 4395
::1 - - [11/Sep/2024:15:14:16 +0200] "GET /aboutme.php HTTP/1.1" 200 4395
::1 - - [11/Sep/2024:15:15:17 +0200] "GET /aboutme.php HTTP/1.1" 200 4395
::1 - - [11/Sep/2024:15:17:21 +0200] "GET /aboutme.php HTTP/1.1" 200 4395
::1 - - [11/Sep/2024:15:17:22 +0200] "GET /aboutme.php HTTP/1.1" 200 4395
::1 - - [11/Sep/2024:15:17:23 +0200] "GET /aboutme.php HTTP/1.1" 200 4395
::1 - - [11/Sep/2024:15:17:23 +0200] "GET /aboutme.php HTTP/1.1" 200 4395
::1 - - [11/Sep/2024:15:17:23 +0200] "GET /aboutme.php HTTP/1.1" 200 4395
::1 - - [11/Sep/2024:15:17:23 +0200] "GET /aboutme.php HTTP/1.1" 200 4395
::1 - - [11/Sep/2024:15:17:23 +0200] "GET /aboutme.php HTTP/1.1" 200 4395
::1 - - [11/Sep/2024:15:18:57 +0200] "GET /aboutme.php HTTP/1.1" 200 4722
::1 - - [11/Sep/2024:15:19:09 +0200] "GET /index.php HTTP/1.1" 200 8349
::1 - - [11/Sep/2024:15:19:35 +0200] "GET /index.php HTTP/1.1" 200 8389
::1 - - [11/Sep/2024:15:19:37 +0200] "GET /aboutme.php HTTP/1.1" 200 4722
::1 - - [11/Sep/2024:15:19:38 +0200] "GET /progetti.php HTTP/1.1" 200 5139
::1 - - [11/Sep/2024:15:19:41 +0200] "GET /index.php HTTP/1.1" 200 8389
::1 - - [11/Sep/2024:15:19:42 +0200] "GET /aboutme.php HTTP/1.1" 200 4722
::1 - - [11/Sep/2024:15:19:44 +0200] "GET /progetti.php HTTP/1.1" 200 5139
::1 - - [11/Sep/2024:15:20:02 +0200] "GET /progettosingolo.php HTTP/1.1" 200 5064
::1 - - [11/Sep/2024:15:20:03 +0200] "GET /contatti.php HTTP/1.1" 200 2974
::1 - - [11/Sep/2024:15:20:06 +0200] "GET /index.php HTTP/1.1" 200 8389
::1 - - [11/Sep/2024:15:20:34 +0200] "GET /index.php HTTP/1.1" 200 8389
::1 - - [11/Sep/2024:15:21:57 +0200] "GET /index.php HTTP/1.1" 200 8384
::1 - - [11/Sep/2024:15:23:33 +0200] "GET /index.php HTTP/1.1" 200 8385
::1 - - [11/Sep/2024:15:24:04 +0200] "GET /index.php HTTP/1.1" 200 8392
::1 - - [11/Sep/2024:15:24:28 +0200] "GET /progetti.php HTTP/1.1" 200 5181
::1 - - [11/Sep/2024:15:26:28 +0200] "GET /progetti.php HTTP/1.1" 200 5534
::1 - - [11/Sep/2024:15:26:29 +0200] "GET /progetti.php HTTP/1.1" 200 5534
::1 - - [11/Sep/2024:15:27:51 +0200] "GET /progetti.php HTTP/1.1" 200 5429
::1 - - [11/Sep/2024:15:28:57 +0200] "GET /progetti.php HTTP/1.1" 200 5429
::1 - - [11/Sep/2024:15:29:11 +0200] "GET /progetti.php HTTP/1.1" 200 5431
::1 - - [11/Sep/2024:15:29:26 +0200] "GET /progetti.php HTTP/1.1" 200 5431
::1 - - [11/Sep/2024:15:29:27 +0200] "GET /aboutme.php HTTP/1.1" 200 4722
::1 - - [11/Sep/2024:15:29:42 +0200] "GET /aboutme.php HTTP/1.1" 200 4722
::1 - - [11/Sep/2024:15:30:22 +0200] "GET /aboutme.php HTTP/1.1" 200 4722
::1 - - [11/Sep/2024:15:30:24 +0200] "GET /aboutme.php HTTP/1.1" 200 4722
::1 - - [11/Sep/2024:15:30:25 +0200] "GET /progetti.php HTTP/1.1" 200 5431
::1 - - [11/Sep/2024:15:30:44 +0200] "GET /progetti.php HTTP/1.1" 200 5431
::1 - - [11/Sep/2024:15:30:45 +0200] "GET /progetti.php HTTP/1.1" 200 5431
::1 - - [11/Sep/2024:15:31:03 +0200] "GET /progetti.php HTTP/1.1" 200 5431
::1 - - [11/Sep/2024:15:31:09 +0200] "POST /progetti.php HTTP/1.1" 200 5548
::1 - - [11/Sep/2024:15:31:16 +0200] "GET /aboutme.php HTTP/1.1" 200 4722
::1 - - [11/Sep/2024:15:31:22 +0200] "POST /aboutme.php HTTP/1.1" 200 4839
::1 - - [11/Sep/2024:15:31:26 +0200] "GET /progetti.php HTTP/1.1" 200 5431
::1 - - [11/Sep/2024:15:31:27 +0200] "GET /progettosingolo.php HTTP/1.1" 200 5064
::1 - - [11/Sep/2024:15:31:30 +0200] "GET /progetti.php HTTP/1.1" 200 5431
::1 - - [11/Sep/2024:15:32:15 +0200] "GET /progettosingolo.php HTTP/1.1" 200 5064
::1 - - [11/Sep/2024:15:32:19 +0200] "POST /progettosingolo.php HTTP/1.1" 200 5194
::1 - - [11/Sep/2024:15:33:18 +0200] "GET /progetti.php HTTP/1.1" 200 5431
::1 - - [11/Sep/2024:15:33:41 +0200] "POST /progetti.php HTTP/1.1" 200 5549
::1 - - [11/Sep/2024:15:36:31 +0200] "POST /progetti.php HTTP/1.1" 200 5549
::1 - - [11/Sep/2024:15:36:39 +0200] "POST /progetti.php HTTP/1.1" 200 5549
::1 - - [11/Sep/2024:15:44:10 +0200] "POST /progetti.php HTTP/1.1" 200 4916
::1 - - [11/Sep/2024:15:44:45 +0200] "POST /progetti.php HTTP/1.1" 200 5378
::1 - - [11/Sep/2024:15:50:22 +0200] "POST /progetti.php HTTP/1.1" 200 5378
::1 - - [11/Sep/2024:15:50:24 +0200] "GET /progettosingolo.php HTTP/1.1" 200 5174
::1 - - [11/Sep/2024:15:51:56 +0200] "GET /contatti.php HTTP/1.1" 200 2974
::1 - - [11/Sep/2024:15:52:02 +0200] "GET /contatti.php HTTP/1.1" 200 2897
::1 - - [11/Sep/2024:15:52:06 +0200] "GET /contatti.php HTTP/1.1" 200 2897
::1 - - [11/Sep/2024:15:52:07 +0200] "GET /contatti.php HTTP/1.1" 200 2897
::1 - - [11/Sep/2024:15:52:07 +0200] "GET /contatti.php HTTP/1.1" 200 2897
::1 - - [11/Sep/2024:15:52:15 +0200] "GET /contatti.php HTTP/1.1" 200 2897
::1 - - [11/Sep/2024:15:52:16 +0200] "GET /contatti.php HTTP/1.1" 200 2897
::1 - - [11/Sep/2024:15:52:30 +0200] "GET /contatti.php HTTP/1.1" 200 2864
::1 - - [11/Sep/2024:15:52:40 +0200] "GET /contatti.php HTTP/1.1" 200 2859
::1 - - [11/Sep/2024:15:52:49 +0200] "GET /contatti.php HTTP/1.1" 200 2897
::1 - - [11/Sep/2024:15:52:55 +0200] "GET /contatti.php HTTP/1.1" 200 2897
::1 - - [11/Sep/2024:15:53:03 +0200] "GET /contatti.php HTTP/1.1" 200 2896
::1 - - [11/Sep/2024:15:53:47 +0200] "GET /index.php HTTP/1.1" 200 8392
::1 - - [11/Sep/2024:15:53:56 +0200] "GET /index.php HTTP/1.1" 200 8194
::1 - - [11/Sep/2024:15:54:13 +0200] "GET /index.php HTTP/1.1" 200 8392
::1 - - [11/Sep/2024:15:54:21 +0200] "GET /index.php HTTP/1.1" 200 8193
::1 - - [11/Sep/2024:15:54:26 +0200] "GET /index.php HTTP/1.1" 200 8392
::1 - - [11/Sep/2024:15:54:55 +0200] "GET /progetti.php HTTP/1.1" 200 5260
::1 - - [11/Sep/2024:15:55:42 +0200] "GET /index.php HTTP/1.1" 200 8392
::1 - - [11/Sep/2024:15:55:47 +0200] "GET /aboutme.php HTTP/1.1" 200 4722
::1 - - [11/Sep/2024:15:57:35 +0200] "GET /aboutme.php HTTP/1.1" 200 4722
::1 - - [11/Sep/2024:15:57:37 +0200] "GET /index.php HTTP/1.1" 200 8197
::1 - - [11/Sep/2024:15:57:41 +0200] "GET /index.php HTTP/1.1" 200 8197
::1 - - [11/Sep/2024:15:57:42 +0200] "GET /index.php HTTP/1.1" 200 8197
::1 - - [11/Sep/2024:15:57:43 +0200] "GET /index.php HTTP/1.1" 200 8197
::1 - - [11/Sep/2024:15:58:17 +0200] "GET /index.php HTTP/1.1" 200 7992
::1 - - [11/Sep/2024:15:58:26 +0200] "GET /index.php HTTP/1.1" 200 8151
::1 - - [11/Sep/2024:15:58:30 +0200] "GET /index.php HTTP/1.1" 200 8151
::1 - - [11/Sep/2024:15:58:35 +0200] "GET /index.php HTTP/1.1" 200 8104
::1 - - [11/Sep/2024:15:58:38 +0200] "GET /index.php HTTP/1.1" 200 8104
::1 - - [11/Sep/2024:15:58:39 +0200] "GET /index.php HTTP/1.1" 200 8104
::1 - - [11/Sep/2024:15:58:45 +0200] "GET /index.php HTTP/1.1" 200 7915
::1 - - [11/Sep/2024:15:58:52 +0200] "GET /index.php HTTP/1.1" 200 8104
::1 - - [11/Sep/2024:15:59:00 +0200] "GET /index.php HTTP/1.1" 200 8040
::1 - - [11/Sep/2024:15:59:08 +0200] "GET /index.php HTTP/1.1" 200 7866
::1 - - [11/Sep/2024:15:59:19 +0200] "GET /index.php HTTP/1.1" 200 7978
::1 - - [11/Sep/2024:15:59:32 +0200] "GET /index.php HTTP/1.1" 200 7837
::1 - - [11/Sep/2024:15:59:53 +0200] "GET /index.php HTTP/1.1" 200 7738
::1 - - [11/Sep/2024:16:00:12 +0200] "GET /index.php HTTP/1.1" 200 7837
::1 - - [11/Sep/2024:16:00:20 +0200] "GET /index.php HTTP/1.1" 200 7978
::1 - - [11/Sep/2024:16:00:27 +0200] "GET /index.php HTTP/1.1" 200 8104
::1 - - [11/Sep/2024:16:00:33 +0200] "GET /index.php HTTP/1.1" 200 8151
::1 - - [11/Sep/2024:16:00:41 +0200] "GET /index.php HTTP/1.1" 200 8197
::1 - - [11/Sep/2024:16:00:57 +0200] "GET /index.php HTTP/1.1" 200 8002
::1 - - [11/Sep/2024:16:01:07 +0200] "GET /index.php HTTP/1.1" 200 8071
::1 - - [11/Sep/2024:16:01:18 +0200] "GET /index.php HTTP/1.1" 200 7929
::1 - - [11/Sep/2024:16:01:30 +0200] "GET /index.php HTTP/1.1" 200 7823
::1 - - [11/Sep/2024:16:01:42 +0200] "GET /index.php HTTP/1.1" 200 7635
::1 - - [11/Sep/2024:16:02:00 +0200] "GET /index.php HTTP/1.1" 200 7570
::1 - - [11/Sep/2024:16:02:15 +0200] "GET /index.php HTTP/1.1" 200 7334
::1 - - [11/Sep/2024:16:02:59 +0200] "GET /style/style.css.map HTTP/1.1" 200 1274
::1 - - [11/Sep/2024:16:02:59 +0200] "GET /style/main.css.map HTTP/1.1" 200 575
::1 - - [11/Sep/2024:16:03:19 +0200] "GET /aboutme.php HTTP/1.1" 200 4722
::1 - - [11/Sep/2024:16:03:19 +0200] "GET /style/form.css.map HTTP/1.1" 200 472
::1 - - [11/Sep/2024:16:03:23 +0200] "GET /progetti.php HTTP/1.1" 200 5260
::1 - - [11/Sep/2024:16:03:31 +0200] "GET /progettosingolo.php HTTP/1.1" 200 5174
::1 - - [11/Sep/2024:16:03:35 +0200] "GET /contatti.php HTTP/1.1" 200 2896
::1 - - [11/Sep/2024:16:03:50 +0200] "GET /contatti.php HTTP/1.1" 200 2897
::1 - - [11/Sep/2024:16:03:56 +0200] "GET /contatti.php HTTP/1.1" 200 2897
::1 - - [11/Sep/2024:16:04:14 +0200] "GET /contatti.php HTTP/1.1" 200 2898
::1 - - [11/Sep/2024:16:04:23 +0200] "GET /contatti.php HTTP/1.1" 200 2897
::1 - - [11/Sep/2024:16:04:34 +0200] "GET /contatti.php HTTP/1.1" 200 2898
::1 - - [11/Sep/2024:16:04:43 +0200] "GET /contatti.php HTTP/1.1" 200 2898
::1 - - [11/Sep/2024:16:04:49 +0200] "GET /contatti.php HTTP/1.1" 200 2898
::1 - - [11/Sep/2024:16:05:13 +0200] "GET /contatti.php HTTP/1.1" 200 2899
::1 - - [11/Sep/2024:16:05:33 +0200] "GET /contatti.php HTTP/1.1" 200 2899
::1 - - [11/Sep/2024:16:05:46 +0200] "GET /contatti.php HTTP/1.1" 200 2899
::1 - - [11/Sep/2024:16:05:52 +0200] "GET /contatti.php HTTP/1.1" 200 2899
::1 - - [11/Sep/2024:16:05:57 +0200] "GET /progettosingolo.php HTTP/1.1" 200 5174
::1 - - [11/Sep/2024:16:06:01 +0200] "GET /progetti.php HTTP/1.1" 200 5260
::1 - - [11/Sep/2024:16:06:04 +0200] "GET /index.php HTTP/1.1" 200 7334
::1 - - [11/Sep/2024:16:06:15 +0200] "GET /aboutme.php HTTP/1.1" 200 4722
::1 - - [11/Sep/2024:16:06:18 +0200] "GET /progetti.php HTTP/1.1" 200 5260
::1 - - [11/Sep/2024:16:06:22 +0200] "GET /progettosingolo.php HTTP/1.1" 200 5174
::1 - - [11/Sep/2024:16:06:24 +0200] "GET /contatti.php HTTP/1.1" 200 2899
::1 - - [11/Sep/2024:16:06:54 +0200] "GET /index.php HTTP/1.1" 200 7334
::1 - - [11/Sep/2024:16:08:06 +0200] "GET /index.php HTTP/1.1" 200 7334
::1 - - [11/Sep/2024:16:08:06 +0200] "GET /style/main.css.map HTTP/1.1" 304 -
::1 - - [11/Sep/2024:16:08:08 +0200] "GET /index.php HTTP/1.1" 200 7334
::1 - - [11/Sep/2024:16:08:10 +0200] "GET /index.php HTTP/1.1" 200 7334
::1 - - [11/Sep/2024:16:08:23 +0200] "GET /index.php HTTP/1.1" 200 7334
::1 - - [11/Sep/2024:16:08:25 +0200] "GET /index.php HTTP/1.1" 200 7334
::1 - - [11/Sep/2024:16:08:26 +0200] "GET /index.php HTTP/1.1" 200 7334
::1 - - [11/Sep/2024:16:11:50 +0200] "GET /index.php HTTP/1.1" 200 7334
::1 - - [11/Sep/2024:16:11:50 +0200] "GET /style/style.css.map HTTP/1.1" 200 1196
::1 - - [11/Sep/2024:16:11:52 +0200] "GET /index.php HTTP/1.1" 200 7334
::1 - - [11/Sep/2024:16:11:52 +0200] "GET /style/style.css.map HTTP/1.1" 304 -
::1 - - [11/Sep/2024:16:13:03 +0200] "GET /aboutme.php HTTP/1.1" 200 4722
::1 - - [11/Sep/2024:16:13:03 +0200] "GET /style/style.css.map HTTP/1.1" 200 1196
::1 - - [11/Sep/2024:16:13:04 +0200] "GET /style/form.css.map HTTP/1.1" 304 -
::1 - - [11/Sep/2024:16:13:12 +0200] "GET /progetti.php HTTP/1.1" 200 5260
::1 - - [11/Sep/2024:16:13:12 +0200] "GET /style/style.css.map HTTP/1.1" 304 -
::1 - - [11/Sep/2024:16:13:12 +0200] "GET /style/main.css.map HTTP/1.1" 304 -
::1 - - [11/Sep/2024:16:13:20 +0200] "GET /progettosingolo.php HTTP/1.1" 200 5174
::1 - - [11/Sep/2024:16:13:20 +0200] "GET /style/style.css.map HTTP/1.1" 304 -
::1 - - [11/Sep/2024:16:13:27 +0200] "GET /contatti.php HTTP/1.1" 200 2899
::1 - - [11/Sep/2024:16:13:27 +0200] "GET /style/style.css.map HTTP/1.1" 304 -
::1 - - [11/Sep/2024:16:14:06 +0200] "GET /index.php HTTP/1.1" 200 7334
::1 - - [11/Sep/2024:16:14:06 +0200] "GET /style/style.css.map HTTP/1.1" 200 1411
::1 - - [11/Sep/2024:16:14:11 +0200] "GET /index.php HTTP/1.1" 200 7334
::1 - - [11/Sep/2024:16:14:11 +0200] "GET /style/style.css.map HTTP/1.1" 304 -
::1 - - [11/Sep/2024:16:14:12 +0200] "GET /index.php HTTP/1.1" 200 7334
::1 - - [11/Sep/2024:16:14:12 +0200] "GET /style/style.css.map HTTP/1.1" 304 -
::1 - - [11/Sep/2024:16:14:13 +0200] "GET /index.php HTTP/1.1" 200 7334
::1 - - [11/Sep/2024:16:14:31 +0200] "GET /index.php HTTP/1.1" 200 7334
::1 - - [11/Sep/2024:16:14:31 +0200] "GET /style/style.css.map HTTP/1.1" 200 1411
::1 - - [11/Sep/2024:16:14:32 +0200] "GET /index.php HTTP/1.1" 200 7334
::1 - - [11/Sep/2024:16:14:32 +0200] "GET /style/style.css.map HTTP/1.1" 304 -
::1 - - [11/Sep/2024:16:14:38 +0200] "GET /index.php HTTP/1.1" 200 7334
::1 - - [11/Sep/2024:16:14:38 +0200] "GET /style/style.css.map HTTP/1.1" 200 1411
::1 - - [11/Sep/2024:16:14:39 +0200] "GET /index.php HTTP/1.1" 200 7334
::1 - - [11/Sep/2024:16:14:39 +0200] "GET /style/style.css.map HTTP/1.1" 304 -
::1 - - [11/Sep/2024:16:16:03 +0200] "GET /index.php HTTP/1.1" 200 7334
::1 - - [11/Sep/2024:16:16:03 +0200] "GET /style/style.css.map HTTP/1.1" 200 1411
::1 - - [11/Sep/2024:16:16:04 +0200] "GET /index.php HTTP/1.1" 200 7334
::1 - - [11/Sep/2024:16:16:04 +0200] "GET /style/style.css.map HTTP/1.1" 304 -
::1 - - [11/Sep/2024:16:16:14 +0200] "GET /index.php HTTP/1.1" 200 7334
::1 - - [11/Sep/2024:16:16:14 +0200] "GET /style/style.css.map HTTP/1.1" 200 1421
::1 - - [11/Sep/2024:16:16:15 +0200] "GET /index.php HTTP/1.1" 200 7334
::1 - - [11/Sep/2024:16:16:15 +0200] "GET /style/style.css.map HTTP/1.1" 304 -
::1 - - [11/Sep/2024:16:16:16 +0200] "GET /index.php HTTP/1.1" 200 7334
::1 - - [11/Sep/2024:16:16:16 +0200] "GET /style/style.css.map HTTP/1.1" 304 -
::1 - - [11/Sep/2024:16:16:28 +0200] "GET /index.php HTTP/1.1" 200 7334
::1 - - [11/Sep/2024:16:16:28 +0200] "GET /style/style.css.map HTTP/1.1" 200 1369
::1 - - [11/Sep/2024:16:16:52 +0200] "GET /index.php HTTP/1.1" 200 7334
::1 - - [11/Sep/2024:16:16:52 +0200] "GET /style/style.css.map HTTP/1.1" 200 1197
::1 - - [11/Sep/2024:16:16:54 +0200] "GET /index.php HTTP/1.1" 200 7334
::1 - - [11/Sep/2024:16:16:54 +0200] "GET /style/style.css.map HTTP/1.1" 304 -
::1 - - [11/Sep/2024:16:16:54 +0200] "GET /index.php HTTP/1.1" 200 7334
::1 - - [11/Sep/2024:16:16:54 +0200] "GET /style/style.css.map HTTP/1.1" 304 -
::1 - - [11/Sep/2024:16:16:54 +0200] "GET /index.php HTTP/1.1" 200 7334
::1 - - [11/Sep/2024:16:16:54 +0200] "GET /style/style.css.map HTTP/1.1" 304 -
::1 - - [11/Sep/2024:16:16:55 +0200] "GET /index.php HTTP/1.1" 200 7334
::1 - - [11/Sep/2024:16:16:55 +0200] "GET /style/style.css.map HTTP/1.1" 304 -
::1 - - [11/Sep/2024:16:17:24 +0200] "GET /index.php HTTP/1.1" 200 7334
::1 - - [11/Sep/2024:16:17:24 +0200] "GET /style/style.css.map HTTP/1.1" 200 1194
::1 - - [11/Sep/2024:16:17:25 +0200] "GET /index.php HTTP/1.1" 200 7334
::1 - - [11/Sep/2024:16:17:25 +0200] "GET /style/style.css.map HTTP/1.1" 304 -
::1 - - [11/Sep/2024:16:17:26 +0200] "GET /index.php HTTP/1.1" 200 7334
::1 - - [11/Sep/2024:16:17:26 +0200] "GET /style/style.css.map HTTP/1.1" 304 -
::1 - - [11/Sep/2024:16:17:29 +0200] "GET /index.php HTTP/1.1" 200 7334
::1 - - [11/Sep/2024:16:17:29 +0200] "GET /style/style.css.map HTTP/1.1" 304 -
::1 - - [11/Sep/2024:16:17:31 +0200] "GET /index.php HTTP/1.1" 200 7334
::1 - - [11/Sep/2024:16:17:31 +0200] "GET /style/style.css.map HTTP/1.1" 304 -
::1 - - [11/Sep/2024:16:17:59 +0200] "GET /index.php HTTP/1.1" 200 7334
::1 - - [11/Sep/2024:16:17:59 +0200] "GET /style/style.css.map HTTP/1.1" 200 1206
::1 - - [11/Sep/2024:16:18:00 +0200] "GET /index.php HTTP/1.1" 200 7334
::1 - - [11/Sep/2024:16:18:00 +0200] "GET /style/style.css.map HTTP/1.1" 304 -
::1 - - [11/Sep/2024:16:18:21 +0200] "GET /index.php HTTP/1.1" 200 7334
::1 - - [11/Sep/2024:16:18:21 +0200] "GET /style/style.css.map HTTP/1.1" 200 1194
::1 - - [11/Sep/2024:16:18:22 +0200] "GET /index.php HTTP/1.1" 200 7334
::1 - - [11/Sep/2024:16:18:22 +0200] "GET /style/style.css.map HTTP/1.1" 304 -
::1 - - [11/Sep/2024:16:18:22 +0200] "GET /index.php HTTP/1.1" 200 7334
::1 - - [11/Sep/2024:16:18:22 +0200] "GET /style/style.css.map HTTP/1.1" 304 -
::1 - - [11/Sep/2024:16:18:23 +0200] "GET /index.php HTTP/1.1" 200 7334
::1 - - [11/Sep/2024:16:18:23 +0200] "GET /style/style.css.map HTTP/1.1" 304 -
::1 - - [11/Sep/2024:16:18:23 +0200] "GET /index.php HTTP/1.1" 200 7334
::1 - - [11/Sep/2024:16:18:23 +0200] "GET /style/style.css.map HTTP/1.1" 304 -
::1 - - [11/Sep/2024:16:19:01 +0200] "GET /index.php HTTP/1.1" 200 7334
::1 - - [11/Sep/2024:16:19:01 +0200] "GET /style/main.css.map HTTP/1.1" 304 -
::1 - - [11/Sep/2024:16:19:01 +0200] "GET /style/style.css.map HTTP/1.1" 200 1196
::1 - - [11/Sep/2024:16:19:02 +0200] "GET /index.php HTTP/1.1" 200 7334
::1 - - [11/Sep/2024:16:19:02 +0200] "GET /style/style.css.map HTTP/1.1" 304 -
::1 - - [11/Sep/2024:16:19:03 +0200] "GET /index.php HTTP/1.1" 200 7334
::1 - - [11/Sep/2024:16:19:03 +0200] "GET /style/style.css.map HTTP/1.1" 304 -
::1 - - [11/Sep/2024:16:19:17 +0200] "GET /index.php HTTP/1.1" 200 7334
::1 - - [11/Sep/2024:16:19:48 +0200] "GET /index.php HTTP/1.1" 200 7334
::1 - - [11/Sep/2024:16:19:49 +0200] "GET /index.php HTTP/1.1" 200 7334
::1 - - [11/Sep/2024:16:19:50 +0200] "GET /index.php HTTP/1.1" 200 7334
::1 - - [11/Sep/2024:16:20:24 +0200] "GET /index.php HTTP/1.1" 200 7334
::1 - - [11/Sep/2024:16:20:26 +0200] "GET /index.php HTTP/1.1" 200 7334
::1 - - [11/Sep/2024:16:21:17 +0200] "GET /index.php HTTP/1.1" 200 7334
::1 - - [11/Sep/2024:16:21:18 +0200] "GET /index.php HTTP/1.1" 200 7334
::1 - - [11/Sep/2024:16:21:23 +0200] "GET / HTTP/1.1" 200 7334
::1 - - [11/Sep/2024:16:21:38 +0200] "GET / HTTP/1.1" 200 7334
::1 - - [11/Sep/2024:16:21:43 +0200] "GET / HTTP/1.1" 200 7334
::1 - - [11/Sep/2024:16:22:24 +0200] "GET / HTTP/1.1" 200 7334
::1 - - [11/Sep/2024:16:22:25 +0200] "GET / HTTP/1.1" 200 7334
::1 - - [11/Sep/2024:16:22:26 +0200] "GET / HTTP/1.1" 200 7334
::1 - - [11/Sep/2024:16:22:27 +0200] "GET / HTTP/1.1" 200 7334
::1 - - [11/Sep/2024:16:22:27 +0200] "GET / HTTP/1.1" 200 7334
::1 - - [11/Sep/2024:16:22:27 +0200] "GET / HTTP/1.1" 200 7334
::1 - - [11/Sep/2024:16:22:27 +0200] "GET / HTTP/1.1" 200 7334
::1 - - [11/Sep/2024:16:22:28 +0200] "GET / HTTP/1.1" 200 7334
::1 - - [11/Sep/2024:16:22:28 +0200] "GET / HTTP/1.1" 200 7334
::1 - - [11/Sep/2024:16:22:28 +0200] "GET / HTTP/1.1" 200 7334
::1 - - [11/Sep/2024:16:22:28 +0200] "GET / HTTP/1.1" 200 7334
::1 - - [11/Sep/2024:16:22:28 +0200] "GET / HTTP/1.1" 200 7334
::1 - - [11/Sep/2024:16:22:28 +0200] "GET / HTTP/1.1" 200 7334
::1 - - [11/Sep/2024:16:22:28 +0200] "GET / HTTP/1.1" 200 7334
::1 - - [11/Sep/2024:16:22:29 +0200] "GET / HTTP/1.1" 200 7334
::1 - - [11/Sep/2024:16:22:29 +0200] "GET / HTTP/1.1" 200 7334
::1 - - [11/Sep/2024:16:22:29 +0200] "GET / HTTP/1.1" 200 7334
::1 - - [11/Sep/2024:16:22:29 +0200] "GET / HTTP/1.1" 200 7334
::1 - - [11/Sep/2024:16:22:29 +0200] "GET / HTTP/1.1" 200 7334
::1 - - [11/Sep/2024:16:22:29 +0200] "GET / HTTP/1.1" 200 7334
::1 - - [11/Sep/2024:16:22:30 +0200] "GET / HTTP/1.1" 200 7334
::1 - - [11/Sep/2024:16:22:30 +0200] "GET / HTTP/1.1" 200 7334
::1 - - [11/Sep/2024:16:22:30 +0200] "GET / HTTP/1.1" 200 7334
::1 - - [11/Sep/2024:16:22:30 +0200] "GET / HTTP/1.1" 200 7334
::1 - - [11/Sep/2024:16:22:30 +0200] "GET / HTTP/1.1" 200 7334
::1 - - [11/Sep/2024:16:22:30 +0200] "GET / HTTP/1.1" 200 7334
::1 - - [11/Sep/2024:16:22:30 +0200] "GET / HTTP/1.1" 200 7334
::1 - - [11/Sep/2024:16:22:31 +0200] "GET / HTTP/1.1" 200 7334
::1 - - [11/Sep/2024:16:22:31 +0200] "GET / HTTP/1.1" 200 7334
::1 - - [11/Sep/2024:16:22:31 +0200] "GET / HTTP/1.1" 200 7334
::1 - - [11/Sep/2024:16:22:31 +0200] "GET / HTTP/1.1" 200 7334
::1 - - [11/Sep/2024:16:22:31 +0200] "GET / HTTP/1.1" 200 7334
::1 - - [11/Sep/2024:16:22:32 +0200] "GET / HTTP/1.1" 200 7334
::1 - - [11/Sep/2024:16:22:33 +0200] "GET /aboutme.php HTTP/1.1" 200 4722
::1 - - [11/Sep/2024:16:22:36 +0200] "GET /progetti.php HTTP/1.1" 200 5260
::1 - - [11/Sep/2024:16:22:38 +0200] "GET /progetti.php HTTP/1.1" 200 5260
::1 - - [11/Sep/2024:16:22:39 +0200] "GET /progetti.php HTTP/1.1" 200 5260
::1 - - [11/Sep/2024:16:22:58 +0200] "GET /progetti.php HTTP/1.1" 200 5260
::1 - - [11/Sep/2024:16:22:59 +0200] "GET /progetti.php HTTP/1.1" 200 5260
::1 - - [11/Sep/2024:16:22:59 +0200] "GET /progetti.php HTTP/1.1" 200 5260
::1 - - [11/Sep/2024:16:22:59 +0200] "GET /progetti.php HTTP/1.1" 200 5260
::1 - - [11/Sep/2024:16:22:59 +0200] "GET /progetti.php HTTP/1.1" 200 5260
::1 - - [11/Sep/2024:16:23:00 +0200] "GET /progetti.php HTTP/1.1" 200 5260
::1 - - [11/Sep/2024:16:23:00 +0200] "GET /progetti.php HTTP/1.1" 200 5260
::1 - - [11/Sep/2024:16:23:00 +0200] "GET /progetti.php HTTP/1.1" 200 5260
::1 - - [11/Sep/2024:16:23:15 +0200] "GET /progetti.php HTTP/1.1" 200 5260
::1 - - [11/Sep/2024:16:23:16 +0200] "GET /progetti.php HTTP/1.1" 200 5260
::1 - - [11/Sep/2024:16:23:17 +0200] "GET /progetti.php HTTP/1.1" 200 5260
::1 - - [11/Sep/2024:16:23:19 +0200] "GET /progetti.php HTTP/1.1" 200 5260
::1 - - [11/Sep/2024:16:23:39 +0200] "GET /progetti.php HTTP/1.1" 200 5260
::1 - - [11/Sep/2024:16:23:40 +0200] "GET /progetti.php HTTP/1.1" 200 5260
::1 - - [11/Sep/2024:16:23:52 +0200] "GET /progetti.php HTTP/1.1" 200 5260
::1 - - [11/Sep/2024:16:23:53 +0200] "GET /progetti.php HTTP/1.1" 200 5260
::1 - - [11/Sep/2024:16:23:54 +0200] "GET /progetti.php HTTP/1.1" 200 5260
::1 - - [11/Sep/2024:16:23:55 +0200] "GET /progetti.php HTTP/1.1" 200 5260
::1 - - [11/Sep/2024:16:23:55 +0200] "GET /progetti.php HTTP/1.1" 200 5260
::1 - - [11/Sep/2024:16:23:55 +0200] "GET /progetti.php HTTP/1.1" 200 5260
::1 - - [11/Sep/2024:16:23:55 +0200] "GET /progetti.php HTTP/1.1" 200 5260
::1 - - [11/Sep/2024:16:23:55 +0200] "GET /progetti.php HTTP/1.1" 200 5260
::1 - - [11/Sep/2024:16:23:55 +0200] "GET /progetti.php HTTP/1.1" 200 5260
::1 - - [11/Sep/2024:16:23:55 +0200] "GET /progetti.php HTTP/1.1" 200 5260
::1 - - [11/Sep/2024:16:23:56 +0200] "GET /progetti.php HTTP/1.1" 200 5260
::1 - - [11/Sep/2024:16:23:56 +0200] "GET /progetti.php HTTP/1.1" 200 5260
::1 - - [11/Sep/2024:16:24:26 +0200] "GET / HTTP/1.1" 200 7334
::1 - - [11/Sep/2024:16:24:29 +0200] "GET /index.php HTTP/1.1" 200 7334
::1 - - [11/Sep/2024:16:24:30 +0200] "GET /aboutme.php HTTP/1.1" 200 4722
::1 - - [11/Sep/2024:16:24:32 +0200] "GET /progetti.php HTTP/1.1" 200 5260
::1 - - [11/Sep/2024:16:25:01 +0200] "GET /progetti.php HTTP/1.1" 200 5260
::1 - - [11/Sep/2024:16:25:02 +0200] "GET /progetti.php HTTP/1.1" 200 5260
::1 - - [11/Sep/2024:16:25:03 +0200] "GET /progetti.php HTTP/1.1" 200 5260
::1 - - [11/Sep/2024:16:25:15 +0200] "GET /progetti.php HTTP/1.1" 200 5260
::1 - - [11/Sep/2024:16:25:24 +0200] "GET /progetti.php HTTP/1.1" 200 5260
::1 - - [11/Sep/2024:16:25:39 +0200] "GET /progetti.php HTTP/1.1" 200 5260
::1 - - [11/Sep/2024:16:25:41 +0200] "GET /progetti.php HTTP/1.1" 200 5260
::1 - - [11/Sep/2024:16:25:42 +0200] "GET /aboutme.php HTTP/1.1" 200 4722
::1 - - [11/Sep/2024:16:25:44 +0200] "GET /progettosingolo.php HTTP/1.1" 200 5174
::1 - - [11/Sep/2024:16:25:45 +0200] "GET /progetti.php HTTP/1.1" 200 5260
::1 - - [11/Sep/2024:16:25:47 +0200] "GET /index.php HTTP/1.1" 200 7334
::1 - - [11/Sep/2024:16:26:11 +0200] "GET /index.php HTTP/1.1" 200 7334
::1 - - [11/Sep/2024:16:26:12 +0200] "GET /index.php HTTP/1.1" 200 7334
::1 - - [11/Sep/2024:16:26:13 +0200] "GET /index.php HTTP/1.1" 200 7334
::1 - - [11/Sep/2024:16:26:14 +0200] "GET /index.php HTTP/1.1" 200 7334
::1 - - [11/Sep/2024:16:26:19 +0200] "GET /index.php HTTP/1.1" 200 7334
::1 - - [11/Sep/2024:16:26:51 +0200] "GET /aboutme.php HTTP/1.1" 200 4722
::1 - - [11/Sep/2024:16:27:03 +0200] "GET /aboutme.php HTTP/1.1" 200 4722
::1 - - [11/Sep/2024:16:27:06 +0200] "GET /aboutme.php HTTP/1.1" 200 4722
::1 - - [11/Sep/2024:16:27:06 +0200] "GET /aboutme.php HTTP/1.1" 200 4722
::1 - - [11/Sep/2024:16:27:07 +0200] "GET /aboutme.php HTTP/1.1" 200 4722
::1 - - [11/Sep/2024:16:27:18 +0200] "GET /index.php HTTP/1.1" 200 7334
::1 - - [11/Sep/2024:16:27:20 +0200] "GET /aboutme.php HTTP/1.1" 200 4722
::1 - - [11/Sep/2024:16:27:22 +0200] "GET /progetti.php HTTP/1.1" 200 5260
::1 - - [11/Sep/2024:16:27:23 +0200] "GET /progettosingolo.php HTTP/1.1" 200 5174
::1 - - [11/Sep/2024:16:27:24 +0200] "GET /contatti.php HTTP/1.1" 200 2899
::1 - - [11/Sep/2024:16:27:27 +0200] "GET /aboutme.php HTTP/1.1" 200 4722
::1 - - [11/Sep/2024:16:28:22 +0200] "GET /contatti.php HTTP/1.1" 200 2899
::1 - - [11/Sep/2024:16:28:23 +0200] "GET /contatti.php HTTP/1.1" 200 2899
::1 - - [11/Sep/2024:16:28:23 +0200] "GET /contatti.php HTTP/1.1" 200 2899
::1 - - [11/Sep/2024:16:28:24 +0200] "GET /contatti.php HTTP/1.1" 200 2899
::1 - - [11/Sep/2024:16:28:24 +0200] "GET /contatti.php HTTP/1.1" 200 2899
::1 - - [11/Sep/2024:16:28:24 +0200] "GET /contatti.php HTTP/1.1" 200 2899
::1 - - [11/Sep/2024:16:28:25 +0200] "GET /contatti.php HTTP/1.1" 200 2899
::1 - - [11/Sep/2024:16:28:27 +0200] "GET /contatti.php HTTP/1.1" 200 2899
::1 - - [11/Sep/2024:16:29:36 +0200] "GET /index.php HTTP/1.1" 200 7334
::1 - - [11/Sep/2024:16:29:42 +0200] "GET /index.php HTTP/1.1" 200 7334
::1 - - [11/Sep/2024:16:31:10 +0200] "GET /index.php HTTP/1.1" 200 7334
::1 - - [11/Sep/2024:16:31:11 +0200] "GET /index.php HTTP/1.1" 200 7334
::1 - - [11/Sep/2024:16:31:11 +0200] "GET /index.php HTTP/1.1" 200 7334
::1 - - [11/Sep/2024:16:31:11 +0200] "GET /index.php HTTP/1.1" 200 7334
::1 - - [11/Sep/2024:16:31:12 +0200] "GET /index.php HTTP/1.1" 200 7334
::1 - - [11/Sep/2024:16:31:12 +0200] "GET /index.php HTTP/1.1" 200 7334
::1 - - [11/Sep/2024:16:31:12 +0200] "GET /index.php HTTP/1.1" 200 7334
::1 - - [11/Sep/2024:16:31:12 +0200] "GET /index.php HTTP/1.1" 200 7334
::1 - - [11/Sep/2024:16:31:13 +0200] "GET /index.php HTTP/1.1" 200 7334
::1 - - [11/Sep/2024:16:31:13 +0200] "GET /index.php HTTP/1.1" 200 7334
::1 - - [11/Sep/2024:16:31:13 +0200] "GET /index.php HTTP/1.1" 200 7334
::1 - - [11/Sep/2024:16:31:13 +0200] "GET /index.php HTTP/1.1" 200 7334
::1 - - [11/Sep/2024:16:31:13 +0200] "GET /index.php HTTP/1.1" 200 7334
::1 - - [11/Sep/2024:16:31:13 +0200] "GET /index.php HTTP/1.1" 200 7334
::1 - - [11/Sep/2024:16:31:14 +0200] "GET /index.php HTTP/1.1" 200 7334
::1 - - [11/Sep/2024:16:31:14 +0200] "GET /index.php HTTP/1.1" 200 7334
::1 - - [11/Sep/2024:16:31:14 +0200] "GET /index.php HTTP/1.1" 200 7334
::1 - - [11/Sep/2024:16:31:15 +0200] "GET /index.php HTTP/1.1" 200 7334
::1 - - [11/Sep/2024:16:31:16 +0200] "GET /index.php HTTP/1.1" 200 7334
::1 - - [11/Sep/2024:16:31:17 +0200] "GET /index.php HTTP/1.1" 200 7334
::1 - - [11/Sep/2024:16:31:17 +0200] "GET /index.php HTTP/1.1" 200 7334
::1 - - [11/Sep/2024:16:31:17 +0200] "GET /index.php HTTP/1.1" 200 7334
::1 - - [11/Sep/2024:16:31:17 +0200] "GET /index.php HTTP/1.1" 200 7334
::1 - - [11/Sep/2024:16:31:17 +0200] "GET /index.php HTTP/1.1" 200 7334
::1 - - [11/Sep/2024:16:31:18 +0200] "GET /index.php HTTP/1.1" 200 7334
::1 - - [11/Sep/2024:16:31:18 +0200] "GET /index.php HTTP/1.1" 200 7334
::1 - - [11/Sep/2024:16:31:18 +0200] "GET /index.php HTTP/1.1" 200 7334
::1 - - [11/Sep/2024:16:31:18 +0200] "GET /index.php HTTP/1.1" 200 7334
::1 - - [11/Sep/2024:16:31:18 +0200] "GET /index.php HTTP/1.1" 200 7334
::1 - - [11/Sep/2024:16:31:18 +0200] "GET /index.php HTTP/1.1" 200 7334
::1 - - [11/Sep/2024:16:31:18 +0200] "GET /index.php HTTP/1.1" 200 7334
::1 - - [11/Sep/2024:16:31:23 +0200] "GET /index.php HTTP/1.1" 200 7334
::1 - - [11/Sep/2024:16:31:24 +0200] "GET /index.php HTTP/1.1" 200 7334
::1 - - [11/Sep/2024:16:31:25 +0200] "GET /aboutme.php HTTP/1.1" 200 4722
::1 - - [11/Sep/2024:16:31:27 +0200] "GET /progetti.php HTTP/1.1" 200 5260
::1 - - [11/Sep/2024:16:31:28 +0200] "GET /progettosingolo.php HTTP/1.1" 200 5174
::1 - - [11/Sep/2024:16:31:29 +0200] "GET /contatti.php HTTP/1.1" 200 2899
::1 - - [11/Sep/2024:16:32:08 +0200] "GET /contatti.php HTTP/1.1" 200 2899
::1 - - [11/Sep/2024:16:32:10 +0200] "GET /aboutme.php HTTP/1.1" 200 4722
::1 - - [11/Sep/2024:16:32:27 +0200] "GET /aboutme.php HTTP/1.1" 200 4722
::1 - - [11/Sep/2024:16:32:28 +0200] "GET /aboutme.php HTTP/1.1" 200 4722
::1 - - [11/Sep/2024:16:32:45 +0200] "GET /aboutme.php HTTP/1.1" 200 4722
::1 - - [11/Sep/2024:16:32:47 +0200] "GET /aboutme.php HTTP/1.1" 200 4722
::1 - - [11/Sep/2024:16:32:48 +0200] "GET /aboutme.php HTTP/1.1" 200 4722
::1 - - [11/Sep/2024:16:32:52 +0200] "GET /index.php HTTP/1.1" 200 7334
::1 - - [11/Sep/2024:16:32:52 +0200] "GET /style/main.css HTTP/1.1" 200 946
::1 - - [11/Sep/2024:16:32:53 +0200] "GET /aboutme.php HTTP/1.1" 200 4722
::1 - - [11/Sep/2024:16:33:22 +0200] "GET /aboutme.php HTTP/1.1" 200 4722
::1 - - [11/Sep/2024:16:33:28 +0200] "GET /aboutme.php HTTP/1.1" 200 4722
::1 - - [11/Sep/2024:16:34:02 +0200] "GET /aboutme.php HTTP/1.1" 200 4722
::1 - - [11/Sep/2024:16:34:02 +0200] "GET /style/main.css HTTP/1.1" 304 -
::1 - - [11/Sep/2024:16:34:02 +0200] "GET /style/form.css HTTP/1.1" 200 877
::1 - - [11/Sep/2024:16:34:03 +0200] "GET /aboutme.php HTTP/1.1" 200 4722
::1 - - [11/Sep/2024:16:34:20 +0200] "GET /aboutme.php HTTP/1.1" 200 4722
::1 - - [11/Sep/2024:16:34:35 +0200] "GET /aboutme.php HTTP/1.1" 200 4722
::1 - - [11/Sep/2024:16:34:42 +0200] "GET /aboutme.php HTTP/1.1" 200 4722
::1 - - [11/Sep/2024:16:34:43 +0200] "GET /aboutme.php HTTP/1.1" 200 4722
::1 - - [11/Sep/2024:16:34:43 +0200] "GET /style/form.css HTTP/1.1" 304 -
::1 - - [11/Sep/2024:16:36:19 +0200] "GET /aboutme.php HTTP/1.1" 200 4757
::1 - - [11/Sep/2024:16:36:19 +0200] "GET /style/style.css HTTP/1.1" 200 2325
::1 - - [11/Sep/2024:16:36:19 +0200] "GET /style/main.css HTTP/1.1" 304 -
::1 - - [11/Sep/2024:16:36:19 +0200] "GET /style/form.css HTTP/1.1" 304 -
::1 - - [11/Sep/2024:16:36:33 +0200] "GET /aboutme.php HTTP/1.1" 200 4753
::1 - - [11/Sep/2024:16:36:33 +0200] "GET /style/style.css HTTP/1.1" 304 -
::1 - - [11/Sep/2024:16:36:34 +0200] "GET /aboutme.php HTTP/1.1" 200 4753
::1 - - [11/Sep/2024:16:36:47 +0200] "GET /aboutme.php HTTP/1.1" 200 4755
::1 - - [11/Sep/2024:16:36:47 +0200] "GET /style/style.css HTTP/1.1" 304 -
::1 - - [11/Sep/2024:16:36:48 +0200] "GET /aboutme.php HTTP/1.1" 200 4755
::1 - - [11/Sep/2024:16:36:52 +0200] "GET /index.php HTTP/1.1" 200 7334
::1 - - [11/Sep/2024:16:37:24 +0200] "GET /index.php HTTP/1.1" 200 7330
::1 - - [11/Sep/2024:16:37:24 +0200] "GET /style/style.css HTTP/1.1" 304 -
::1 - - [11/Sep/2024:16:37:24 +0200] "GET /style/main.css HTTP/1.1" 304 -
::1 - - [11/Sep/2024:16:37:29 +0200] "GET /index.php HTTP/1.1" 200 7334
::1 - - [11/Sep/2024:16:38:01 +0200] "GET /index.php HTTP/1.1" 200 7334
::1 - - [11/Sep/2024:16:38:01 +0200] "GET /style/style.css HTTP/1.1" 200 2355
::1 - - [11/Sep/2024:16:39:44 +0200] "GET /index.php HTTP/1.1" 200 7334
::1 - - [11/Sep/2024:16:39:44 +0200] "GET /style/style.css HTTP/1.1" 200 2324
::1 - - [11/Sep/2024:16:39:44 +0200] "GET /style/main.css HTTP/1.1" 304 -
::1 - - [11/Sep/2024:16:39:50 +0200] "GET /style/main.css.map HTTP/1.1" 200 575
::1 - - [11/Sep/2024:16:39:50 +0200] "GET /style/style.css.map HTTP/1.1" 200 1200
::1 - - [11/Sep/2024:16:40:06 +0200] "GET /index.php HTTP/1.1" 200 7334
::1 - - [11/Sep/2024:16:40:06 +0200] "GET /style/style.css HTTP/1.1" 200 2352
::1 - - [11/Sep/2024:16:40:06 +0200] "GET /style/style.css.map HTTP/1.1" 200 1216
::1 - - [11/Sep/2024:16:40:31 +0200] "GET /index.php HTTP/1.1" 200 7334
::1 - - [11/Sep/2024:16:40:31 +0200] "GET /style/style.css HTTP/1.1" 200 2355
::1 - - [11/Sep/2024:16:40:31 +0200] "GET /style/style.css.map HTTP/1.1" 200 1216
::1 - - [11/Sep/2024:16:40:41 +0200] "GET /index.php HTTP/1.1" 200 7334
::1 - - [11/Sep/2024:16:40:41 +0200] "GET /style/style.css HTTP/1.1" 200 2372
::1 - - [11/Sep/2024:16:40:41 +0200] "GET /style/style.css.map HTTP/1.1" 200 1226
::1 - - [11/Sep/2024:16:40:48 +0200] "GET /index.php HTTP/1.1" 200 7334
::1 - - [11/Sep/2024:16:40:48 +0200] "GET /style/style.css HTTP/1.1" 200 2371
::1 - - [11/Sep/2024:16:40:48 +0200] "GET /style/style.css.map HTTP/1.1" 200 1226
::1 - - [11/Sep/2024:16:40:59 +0200] "GET /index.php HTTP/1.1" 200 7334
::1 - - [11/Sep/2024:16:40:59 +0200] "GET /style/style.css HTTP/1.1" 200 2372
::1 - - [11/Sep/2024:16:40:59 +0200] "GET /style/style.css.map HTTP/1.1" 200 1226
::1 - - [11/Sep/2024:16:41:14 +0200] "GET /index.php HTTP/1.1" 200 7334
::1 - - [11/Sep/2024:16:41:14 +0200] "GET /style/style.css HTTP/1.1" 200 2371
::1 - - [11/Sep/2024:16:41:14 +0200] "GET /style/main.css HTTP/1.1" 304 -
::1 - - [11/Sep/2024:16:41:14 +0200] "GET /style/main.css.map HTTP/1.1" 304 -
::1 - - [11/Sep/2024:16:41:14 +0200] "GET /style/style.css.map HTTP/1.1" 200 1226
::1 - - [11/Sep/2024:16:41:25 +0200] "GET /index.php HTTP/1.1" 200 7334
::1 - - [11/Sep/2024:16:41:25 +0200] "GET /style/style.css HTTP/1.1" 200 2384
::1 - - [11/Sep/2024:16:41:25 +0200] "GET /style/style.css.map HTTP/1.1" 200 1236
::1 - - [11/Sep/2024:16:42:57 +0200] "GET /index.php HTTP/1.1" 200 7334
::1 - - [11/Sep/2024:16:42:57 +0200] "GET /style/main.css HTTP/1.1" 304 -
::1 - - [11/Sep/2024:16:42:57 +0200] "GET /style/style.css HTTP/1.1" 200 2522
::1 - - [11/Sep/2024:16:42:57 +0200] "GET /style/main.css.map HTTP/1.1" 304 -
::1 - - [11/Sep/2024:16:42:57 +0200] "GET /style/style.css.map HTTP/1.1" 200 1300
::1 - - [11/Sep/2024:16:43:06 +0200] "GET /index.php HTTP/1.1" 200 7334
::1 - - [11/Sep/2024:16:43:06 +0200] "GET /style/style.css HTTP/1.1" 304 -
::1 - - [11/Sep/2024:16:43:06 +0200] "GET /style/style.css.map HTTP/1.1" 304 -
::1 - - [11/Sep/2024:16:43:10 +0200] "GET /contatti.php HTTP/1.1" 200 2899
::1 - - [11/Sep/2024:16:43:10 +0200] "GET /style/style.css.map HTTP/1.1" 304 -
::1 - - [11/Sep/2024:16:43:10 +0200] "GET /style/style.css HTTP/1.1" 304 -
::1 - - [11/Sep/2024:16:43:10 +0200] "GET /style/form.css HTTP/1.1" 304 -
::1 - - [11/Sep/2024:16:43:10 +0200] "GET /style/form.css.map HTTP/1.1" 200 472
::1 - - [11/Sep/2024:16:43:22 +0200] "GET /contatti.php HTTP/1.1" 200 2899
::1 - - [11/Sep/2024:16:43:22 +0200] "GET /style/style.css HTTP/1.1" 200 2453
::1 - - [11/Sep/2024:16:43:22 +0200] "GET /style/style.css.map HTTP/1.1" 200 1258
::1 - - [11/Sep/2024:16:43:26 +0200] "GET /progetti.php HTTP/1.1" 200 5260
::1 - - [11/Sep/2024:16:43:26 +0200] "GET /style/style.css HTTP/1.1" 304 -
::1 - - [11/Sep/2024:16:43:26 +0200] "GET /style/style.css.map HTTP/1.1" 304 -
::1 - - [11/Sep/2024:16:43:30 +0200] "GET /aboutme.php HTTP/1.1" 200 4724
::1 - - [11/Sep/2024:16:43:30 +0200] "GET /style/style.css HTTP/1.1" 304 -
::1 - - [11/Sep/2024:16:43:30 +0200] "GET /style/style.css.map HTTP/1.1" 304 -
::1 - - [11/Sep/2024:16:43:33 +0200] "GET /progettosingolo.php HTTP/1.1" 200 5174
::1 - - [11/Sep/2024:16:43:33 +0200] "GET /style/style.css HTTP/1.1" 304 -
::1 - - [11/Sep/2024:16:43:33 +0200] "GET /style/style.css.map HTTP/1.1" 304 -
::1 - - [11/Sep/2024:16:43:38 +0200] "GET /progettosingolo.php HTTP/1.1" 200 5174
::1 - - [11/Sep/2024:16:43:38 +0200] "GET /style/style.css HTTP/1.1" 200 2522
::1 - - [11/Sep/2024:16:43:38 +0200] "GET /style/style.css.map HTTP/1.1" 200 1300
::1 - - [11/Sep/2024:16:43:41 +0200] "GET /progetti.php HTTP/1.1" 200 5260
::1 - - [11/Sep/2024:16:43:41 +0200] "GET /style/style.css HTTP/1.1" 304 -
::1 - - [11/Sep/2024:16:43:41 +0200] "GET /style/style.css.map HTTP/1.1" 304 -
::1 - - [11/Sep/2024:16:43:53 +0200] "GET /progetti.php HTTP/1.1" 200 5260
::1 - - [11/Sep/2024:16:43:53 +0200] "GET /style/style.css HTTP/1.1" 200 2416
::1 - - [11/Sep/2024:16:43:53 +0200] "GET /style/style.css.map HTTP/1.1" 200 1237
::1 - - [11/Sep/2024:16:44:26 +0200] "GET /progetti.php HTTP/1.1" 200 5260
::1 - - [11/Sep/2024:16:44:26 +0200] "GET /style/style.css HTTP/1.1" 200 2484
::1 - - [11/Sep/2024:16:44:26 +0200] "GET /style/style.css.map HTTP/1.1" 200 1269
::1 - - [11/Sep/2024:16:44:36 +0200] "GET /progetti.php HTTP/1.1" 200 5260
::1 - - [11/Sep/2024:16:44:36 +0200] "GET /style/style.css HTTP/1.1" 200 2484
::1 - - [11/Sep/2024:16:44:36 +0200] "GET /style/style.css.map HTTP/1.1" 200 1269
::1 - - [11/Sep/2024:16:45:27 +0200] "GET /progetti.php HTTP/1.1" 200 5260
::1 - - [11/Sep/2024:16:45:27 +0200] "GET /style/style.css HTTP/1.1" 200 2476
::1 - - [11/Sep/2024:16:45:27 +0200] "GET /style/main.css HTTP/1.1" 304 -
::1 - - [11/Sep/2024:16:45:27 +0200] "GET /style/form.css HTTP/1.1" 304 -
::1 - - [11/Sep/2024:16:45:27 +0200] "GET /style/main.css.map HTTP/1.1" 304 -
::1 - - [11/Sep/2024:16:45:27 +0200] "GET /style/form.css.map HTTP/1.1" 304 -
::1 - - [11/Sep/2024:16:45:27 +0200] "GET /style/style.css.map HTTP/1.1" 200 1272
::1 - - [11/Sep/2024:16:45:37 +0200] "GET /contatti.php HTTP/1.1" 200 2899
::1 - - [11/Sep/2024:16:45:37 +0200] "GET /style/style.css HTTP/1.1" 304 -
::1 - - [11/Sep/2024:16:45:37 +0200] "GET /style/style.css.map HTTP/1.1" 304 -
::1 - - [11/Sep/2024:16:46:10 +0200] "GET /contatti.php HTTP/1.1" 200 2865
::1 - - [11/Sep/2024:16:46:10 +0200] "GET /style/style.css HTTP/1.1" 304 -
::1 - - [11/Sep/2024:16:46:10 +0200] "GET /style/style.css.map HTTP/1.1" 304 -
::1 - - [11/Sep/2024:16:46:11 +0200] "GET /contatti.php HTTP/1.1" 200 2865
::1 - - [11/Sep/2024:16:46:22 +0200] "GET /contatti.php HTTP/1.1" 200 2828
::1 - - [11/Sep/2024:16:46:22 +0200] "GET /style/style.css HTTP/1.1" 304 -
::1 - - [11/Sep/2024:16:46:22 +0200] "GET /style/style.css.map HTTP/1.1" 304 -
::1 - - [11/Sep/2024:16:46:23 +0200] "GET /contatti.php HTTP/1.1" 200 2828
::1 - - [11/Sep/2024:16:46:41 +0200] "GET /contatti.php HTTP/1.1" 200 2759
::1 - - [11/Sep/2024:16:46:41 +0200] "GET /style/style.css HTTP/1.1" 304 -
::1 - - [11/Sep/2024:16:46:41 +0200] "GET /style/style.css.map HTTP/1.1" 304 -
::1 - - [11/Sep/2024:16:47:06 +0200] "GET /contatti.php HTTP/1.1" 200 2790
::1 - - [11/Sep/2024:16:47:06 +0200] "GET /style/style.css HTTP/1.1" 304 -
::1 - - [11/Sep/2024:16:47:06 +0200] "GET /style/style.css.map HTTP/1.1" 304 -
::1 - - [11/Sep/2024:16:47:32 +0200] "GET /contatti.php HTTP/1.1" 200 2826
::1 - - [11/Sep/2024:16:47:32 +0200] "GET /style/style.css HTTP/1.1" 304 -
::1 - - [11/Sep/2024:16:47:32 +0200] "GET /style/form.css HTTP/1.1" 304 -
::1 - - [11/Sep/2024:16:47:32 +0200] "GET /style/style.css.map HTTP/1.1" 304 -
::1 - - [11/Sep/2024:16:47:32 +0200] "GET /style/form.css.map HTTP/1.1" 304 -
::1 - - [11/Sep/2024:16:47:43 +0200] "GET /contatti.php HTTP/1.1" 200 2847
::1 - - [11/Sep/2024:16:47:50 +0200] "GET /contatti.php HTTP/1.1" 200 2850
::1 - - [11/Sep/2024:16:47:50 +0200] "GET /style/style.css HTTP/1.1" 304 -
::1 - - [11/Sep/2024:16:47:50 +0200] "GET /style/style.css.map HTTP/1.1" 304 -
::1 - - [11/Sep/2024:16:47:56 +0200] "GET /contatti.php HTTP/1.1" 200 2850
::1 - - [11/Sep/2024:16:47:57 +0200] "GET /contatti.php HTTP/1.1" 200 2850
::1 - - [11/Sep/2024:16:48:04 +0200] "GET /contatti.php HTTP/1.1" 200 2852
::1 - - [11/Sep/2024:16:48:04 +0200] "GET /contatti.php HTTP/1.1" 200 2852
::1 - - [11/Sep/2024:16:48:04 +0200] "GET /style/style.css HTTP/1.1" 304 -
::1 - - [11/Sep/2024:16:48:04 +0200] "GET /style/style.css.map HTTP/1.1" 304 -
::1 - - [11/Sep/2024:16:48:43 +0200] "GET /contatti.php HTTP/1.1" 200 2828
::1 - - [11/Sep/2024:16:48:43 +0200] "GET /style/style.css HTTP/1.1" 304 -
::1 - - [11/Sep/2024:16:48:43 +0200] "GET /style/style.css.map HTTP/1.1" 304 -
::1 - - [11/Sep/2024:16:48:49 +0200] "GET /contatti.php HTTP/1.1" 200 2814
::1 - - [11/Sep/2024:16:48:56 +0200] "GET /contatti.php HTTP/1.1" 200 2833
::1 - - [11/Sep/2024:16:48:57 +0200] "GET /contatti.php HTTP/1.1" 200 2833
::1 - - [11/Sep/2024:16:49:03 +0200] "GET /contatti.php HTTP/1.1" 200 2833
::1 - - [11/Sep/2024:16:49:03 +0200] "GET /style/style.css HTTP/1.1" 304 -
::1 - - [11/Sep/2024:16:49:03 +0200] "GET /style/style.css.map HTTP/1.1" 304 -
::1 - - [11/Sep/2024:16:49:04 +0200] "GET /contatti.php HTTP/1.1" 200 2833
::1 - - [11/Sep/2024:16:49:55 +0200] "GET /contatti.php HTTP/1.1" 200 2826
::1 - - [11/Sep/2024:16:49:55 +0200] "GET /style/style.css HTTP/1.1" 304 -
::1 - - [11/Sep/2024:16:49:55 +0200] "GET /style/form.css HTTP/1.1" 304 -
::1 - - [11/Sep/2024:16:49:55 +0200] "GET /style/form.css.map HTTP/1.1" 304 -
::1 - - [11/Sep/2024:16:49:55 +0200] "GET /style/style.css.map HTTP/1.1" 304 -
::1 - - [11/Sep/2024:16:49:56 +0200] "GET /contatti.php HTTP/1.1" 200 2826
::1 - - [11/Sep/2024:16:50:31 +0200] "GET /contatti.php HTTP/1.1" 200 2855
::1 - - [11/Sep/2024:16:50:31 +0200] "GET /style/style.css HTTP/1.1" 304 -
::1 - - [11/Sep/2024:16:50:31 +0200] "GET /style/style.css.map HTTP/1.1" 304 -
::1 - - [11/Sep/2024:16:50:48 +0200] "GET /contatti.php HTTP/1.1" 200 2856
::1 - - [11/Sep/2024:16:50:50 +0200] "GET /contatti.php HTTP/1.1" 200 2856
::1 - - [11/Sep/2024:16:51:10 +0200] "GET /contatti.php HTTP/1.1" 200 2868
::1 - - [11/Sep/2024:16:51:10 +0200] "GET /style/style.css HTTP/1.1" 304 -
::1 - - [11/Sep/2024:16:51:10 +0200] "GET /style/style.css.map HTTP/1.1" 304 -
::1 - - [11/Sep/2024:16:51:11 +0200] "GET /contatti.php HTTP/1.1" 200 2868
::1 - - [11/Sep/2024:16:51:23 +0200] "GET /contatti.php HTTP/1.1" 200 2867
::1 - - [11/Sep/2024:16:51:24 +0200] "GET /contatti.php HTTP/1.1" 200 2867
::1 - - [11/Sep/2024:16:51:43 +0200] "GET /contatti.php HTTP/1.1" 200 2862
::1 - - [11/Sep/2024:16:52:00 +0200] "GET /contatti.php HTTP/1.1" 200 2879
::1 - - [11/Sep/2024:16:52:00 +0200] "GET /style/style.css HTTP/1.1" 304 -
::1 - - [11/Sep/2024:16:52:00 +0200] "GET /style/style.css.map HTTP/1.1" 304 -
::1 - - [11/Sep/2024:16:52:07 +0200] "GET /contatti.php HTTP/1.1" 200 2880
::1 - - [11/Sep/2024:16:52:16 +0200] "GET /contatti.php HTTP/1.1" 200 2899
::1 - - [11/Sep/2024:16:52:16 +0200] "GET /style/form.css HTTP/1.1" 304 -
::1 - - [11/Sep/2024:16:52:16 +0200] "GET /style/form.css.map HTTP/1.1" 304 -
::1 - - [11/Sep/2024:16:52:23 +0200] "GET /contatti.php HTTP/1.1" 200 2898
::1 - - [11/Sep/2024:16:52:29 +0200] "GET /contatti.php HTTP/1.1" 200 2898
::1 - - [11/Sep/2024:16:52:36 +0200] "GET /contatti.php HTTP/1.1" 200 2898
::1 - - [11/Sep/2024:16:53:20 +0200] "GET /contatti.php HTTP/1.1" 200 2931
::1 - - [11/Sep/2024:16:53:20 +0200] "GET /style/style.css HTTP/1.1" 304 -
::1 - - [11/Sep/2024:16:53:20 +0200] "GET /style/style.css.map HTTP/1.1" 304 -
::1 - - [11/Sep/2024:16:54:13 +0200] "GET /contatti.php HTTP/1.1" 200 2948
::1 - - [11/Sep/2024:16:54:13 +0200] "GET /style/style.css HTTP/1.1" 304 -
::1 - - [11/Sep/2024:16:54:13 +0200] "GET /style/style.css.map HTTP/1.1" 304 -
::1 - - [11/Sep/2024:16:54:26 +0200] "GET /contatti.php HTTP/1.1" 200 2935
::1 - - [11/Sep/2024:16:54:38 +0200] "GET /contatti.php HTTP/1.1" 200 2899
::1 - - [11/Sep/2024:16:54:46 +0200] "GET /contatti.php HTTP/1.1" 200 2899
::1 - - [11/Sep/2024:16:54:46 +0200] "GET /style/form.css.map HTTP/1.1" 304 -
::1 - - [11/Sep/2024:16:54:53 +0200] "GET /contatti.php HTTP/1.1" 200 2899
::1 - - [11/Sep/2024:16:54:53 +0200] "GET /style/form.css HTTP/1.1" 304 -
::1 - - [11/Sep/2024:16:55:17 +0200] "GET /contatti.php HTTP/1.1" 200 2938
::1 - - [11/Sep/2024:16:55:17 +0200] "GET /style/style.css HTTP/1.1" 304 -
::1 - - [11/Sep/2024:16:55:17 +0200] "GET /style/style.css.map HTTP/1.1" 304 -
::1 - - [11/Sep/2024:16:55:24 +0200] "GET /contatti.php HTTP/1.1" 200 2938
::1 - - [11/Sep/2024:16:55:30 +0200] "GET /contatti.php HTTP/1.1" 200 2938
