[Tue Sep 10 15:31:29.044612 2024] [php:error] [pid 6768:tid 1920] [client ::1:60792] script 'C:/Users/Alessia/Desktop/ESAME 2/clienti.php' not found or unable to stat, referer: http://localhost/aboutme.php
[Tue Sep 10 15:32:35.063203 2024] [php:error] [pid 6768:tid 1924] [client ::1:60797] script 'C:/Users/Alessia/Desktop/ESAME 2/clienti.php' not found or unable to stat, referer: http://localhost/aboutme.php
[Tue Sep 10 15:48:29.628213 2024] [php:error] [pid 6768:tid 1924] [client ::1:60882] script 'C:/Users/Alessia/Desktop/ESAME 2/clienti.php' not found or unable to stat, referer: http://localhost/aboutme.php
[Tue Sep 10 15:50:16.422595 2024] [php:error] [pid 6768:tid 1920] [client ::1:60891] script 'C:/Users/Alessia/Desktop/ESAME 2/clienti.php' not found or unable to stat, referer: http://localhost/aboutme.php
[Tue Sep 10 16:54:53.425675 2024] [php:error] [pid 6768:tid 1920] [client ::1:61141] PHP Fatal error:  Cannot redeclare test_input() (previously declared in C:\\Users\\Alessia\\Desktop\\ESAME 2\\form.php:5) in C:\\Users\\Alessia\\Desktop\\ESAME 2\\form.php on line 6, referer: http://localhost/progettosingolo.php
[Wed Sep 11 14:35:37.358172 2024] [php:warn] [pid 11896:tid 1924] [client ::1:50456] PHP Warning:  Undefined array key "titolo" in C:\\Users\\Alessia\\Desktop\\ESAME 2\\aboutme.php on line 87, referer: http://localhost/contatti.php
[Wed Sep 11 14:37:12.570549 2024] [php:warn] [pid 11896:tid 1960] [client ::1:50464] PHP Warning:  Undefined array key "title" in C:\\Users\\Alessia\\Desktop\\ESAME 2\\aboutme.php on line 45, referer: http://localhost/contatti.php
[Wed Sep 11 14:39:10.651692 2024] [php:warn] [pid 11896:tid 1924] [client ::1:50471] PHP Warning:  Undefined array key "title" in C:\\Users\\Alessia\\Desktop\\ESAME 2\\aboutme.php on line 45, referer: http://localhost/contatti.php
[Wed Sep 11 14:40:00.476074 2024] [php:warn] [pid 11896:tid 1960] [client ::1:50472] PHP Warning:  Undefined array key "title" in C:\\Users\\Alessia\\Desktop\\ESAME 2\\aboutme.php on line 45, referer: http://localhost/contatti.php
[Wed Sep 11 14:42:58.308843 2024] [php:warn] [pid 11896:tid 1924] [client ::1:50486] PHP Warning:  Undefined array key "title" in C:\\Users\\Alessia\\Desktop\\ESAME 2\\aboutme.php on line 45, referer: http://localhost/progetti.php
[Wed Sep 11 14:44:20.668064 2024] [php:warn] [pid 11896:tid 1960] [client ::1:50503] PHP Warning:  Undefined array key "title" in C:\\Users\\Alessia\\Desktop\\ESAME 2\\aboutme.php on line 45, referer: http://localhost/progetti.php
[Wed Sep 11 14:44:22.202946 2024] [php:warn] [pid 11896:tid 1960] [client ::1:50503] PHP Warning:  Undefined array key "title" in C:\\Users\\Alessia\\Desktop\\ESAME 2\\aboutme.php on line 45, referer: http://localhost/progetti.php
[Wed Sep 11 14:47:19.034325 2024] [php:warn] [pid 11896:tid 1924] [client ::1:50528] PHP Warning:  Undefined array key "title" in C:\\Users\\Alessia\\Desktop\\ESAME 2\\aboutme.php on line 46, referer: http://localhost/progetti.php
[Wed Sep 11 14:47:19.040540 2024] [php:warn] [pid 11896:tid 1924] [client ::1:50528] PHP Warning:  Undefined array key "titolo" in C:\\Users\\Alessia\\Desktop\\ESAME 2\\aboutme.php on line 89, referer: http://localhost/progetti.php
[Wed Sep 11 14:47:19.040540 2024] [php:warn] [pid 11896:tid 1924] [client ::1:50528] PHP Warning:  Undefined array key "titolo" in C:\\Users\\Alessia\\Desktop\\ESAME 2\\aboutme.php on line 94, referer: http://localhost/progetti.php
[Wed Sep 11 14:47:19.040540 2024] [php:warn] [pid 11896:tid 1924] [client ::1:50528] PHP Warning:  Undefined array key "contenuto" in C:\\Users\\Alessia\\Desktop\\ESAME 2\\aboutme.php on line 95, referer: http://localhost/progetti.php
[Wed Sep 11 14:47:19.040540 2024] [php:warn] [pid 11896:tid 1924] [client ::1:50528] PHP Warning:  Undefined array key "titolo" in C:\\Users\\Alessia\\Desktop\\ESAME 2\\aboutme.php on line 99, referer: http://localhost/progetti.php
[Wed Sep 11 14:47:19.040540 2024] [php:warn] [pid 11896:tid 1924] [client ::1:50528] PHP Warning:  Undefined array key "contenuto" in C:\\Users\\Alessia\\Desktop\\ESAME 2\\aboutme.php on line 100, referer: http://localhost/progetti.php
[Wed Sep 11 14:47:19.040540 2024] [php:warn] [pid 11896:tid 1924] [client ::1:50528] PHP Warning:  Undefined array key "titolo2" in C:\\Users\\Alessia\\Desktop\\ESAME 2\\aboutme.php on line 104, referer: http://localhost/progetti.php
[Wed Sep 11 14:47:19.040540 2024] [php:warn] [pid 11896:tid 1924] [client ::1:50528] PHP Warning:  Undefined array key "contenuto" in C:\\Users\\Alessia\\Desktop\\ESAME 2\\aboutme.php on line 105, referer: http://localhost/progetti.php
[Wed Sep 11 14:47:19.040540 2024] [php:warn] [pid 11896:tid 1924] [client ::1:50528] PHP Warning:  Undefined array key "titolo2" in C:\\Users\\Alessia\\Desktop\\ESAME 2\\aboutme.php on line 109, referer: http://localhost/progetti.php
[Wed Sep 11 14:47:19.040540 2024] [php:warn] [pid 11896:tid 1924] [client ::1:50528] PHP Warning:  Undefined array key "contenuto" in C:\\Users\\Alessia\\Desktop\\ESAME 2\\aboutme.php on line 110, referer: http://localhost/progetti.php
[Wed Sep 11 14:48:42.169782 2024] [php:warn] [pid 11896:tid 1960] [client ::1:50533] PHP Warning:  Undefined array key "title" in C:\\Users\\Alessia\\Desktop\\ESAME 2\\aboutme.php on line 46, referer: http://localhost/progetti.php
[Wed Sep 11 14:48:42.169782 2024] [php:warn] [pid 11896:tid 1960] [client ::1:50533] PHP Warning:  Undefined array key "titolo" in C:\\Users\\Alessia\\Desktop\\ESAME 2\\aboutme.php on line 89, referer: http://localhost/progetti.php
[Wed Sep 11 14:48:42.170744 2024] [php:warn] [pid 11896:tid 1960] [client ::1:50533] PHP Warning:  Undefined array key "titolo" in C:\\Users\\Alessia\\Desktop\\ESAME 2\\aboutme.php on line 94, referer: http://localhost/progetti.php
[Wed Sep 11 14:48:42.170744 2024] [php:warn] [pid 11896:tid 1960] [client ::1:50533] PHP Warning:  Undefined array key "contenuto" in C:\\Users\\Alessia\\Desktop\\ESAME 2\\aboutme.php on line 95, referer: http://localhost/progetti.php
[Wed Sep 11 14:48:42.170744 2024] [php:warn] [pid 11896:tid 1960] [client ::1:50533] PHP Warning:  Undefined array key "titolo" in C:\\Users\\Alessia\\Desktop\\ESAME 2\\aboutme.php on line 99, referer: http://localhost/progetti.php
[Wed Sep 11 14:48:42.170744 2024] [php:warn] [pid 11896:tid 1960] [client ::1:50533] PHP Warning:  Undefined array key "contenuto" in C:\\Users\\Alessia\\Desktop\\ESAME 2\\aboutme.php on line 100, referer: http://localhost/progetti.php
[Wed Sep 11 14:48:42.170744 2024] [php:warn] [pid 11896:tid 1960] [client ::1:50533] PHP Warning:  Undefined array key "titolo2" in C:\\Users\\Alessia\\Desktop\\ESAME 2\\aboutme.php on line 104, referer: http://localhost/progetti.php
[Wed Sep 11 14:48:42.171781 2024] [php:warn] [pid 11896:tid 1960] [client ::1:50533] PHP Warning:  Undefined array key "contenuto" in C:\\Users\\Alessia\\Desktop\\ESAME 2\\aboutme.php on line 105, referer: http://localhost/progetti.php
[Wed Sep 11 14:48:42.171781 2024] [php:warn] [pid 11896:tid 1960] [client ::1:50533] PHP Warning:  Undefined array key "titolo2" in C:\\Users\\Alessia\\Desktop\\ESAME 2\\aboutme.php on line 109, referer: http://localhost/progetti.php
[Wed Sep 11 14:48:42.171781 2024] [php:warn] [pid 11896:tid 1960] [client ::1:50533] PHP Warning:  Undefined array key "contenuto" in C:\\Users\\Alessia\\Desktop\\ESAME 2\\aboutme.php on line 110, referer: http://localhost/progetti.php
[Wed Sep 11 14:49:07.118033 2024] [php:warn] [pid 11896:tid 1924] [client ::1:50534] PHP Warning:  Undefined array key "title" in C:\\Users\\Alessia\\Desktop\\ESAME 2\\aboutme.php on line 46, referer: http://localhost/progetti.php
[Wed Sep 11 14:49:07.118033 2024] [php:warn] [pid 11896:tid 1924] [client ::1:50534] PHP Warning:  Undefined array key "titolo" in C:\\Users\\Alessia\\Desktop\\ESAME 2\\aboutme.php on line 89, referer: http://localhost/progetti.php
[Wed Sep 11 14:49:07.118033 2024] [php:warn] [pid 11896:tid 1924] [client ::1:50534] PHP Warning:  Undefined array key "titolo" in C:\\Users\\Alessia\\Desktop\\ESAME 2\\aboutme.php on line 94, referer: http://localhost/progetti.php
[Wed Sep 11 14:49:07.119029 2024] [php:warn] [pid 11896:tid 1924] [client ::1:50534] PHP Warning:  Undefined array key "contenuto" in C:\\Users\\Alessia\\Desktop\\ESAME 2\\aboutme.php on line 95, referer: http://localhost/progetti.php
[Wed Sep 11 14:49:07.119029 2024] [php:warn] [pid 11896:tid 1924] [client ::1:50534] PHP Warning:  Undefined array key "titolo" in C:\\Users\\Alessia\\Desktop\\ESAME 2\\aboutme.php on line 99, referer: http://localhost/progetti.php
[Wed Sep 11 14:49:07.119029 2024] [php:warn] [pid 11896:tid 1924] [client ::1:50534] PHP Warning:  Undefined array key "contenuto" in C:\\Users\\Alessia\\Desktop\\ESAME 2\\aboutme.php on line 100, referer: http://localhost/progetti.php
[Wed Sep 11 14:49:07.119029 2024] [php:warn] [pid 11896:tid 1924] [client ::1:50534] PHP Warning:  Undefined array key "titolo2" in C:\\Users\\Alessia\\Desktop\\ESAME 2\\aboutme.php on line 104, referer: http://localhost/progetti.php
[Wed Sep 11 14:49:07.119029 2024] [php:warn] [pid 11896:tid 1924] [client ::1:50534] PHP Warning:  Undefined array key "contenuto" in C:\\Users\\Alessia\\Desktop\\ESAME 2\\aboutme.php on line 105, referer: http://localhost/progetti.php
[Wed Sep 11 14:49:07.119029 2024] [php:warn] [pid 11896:tid 1924] [client ::1:50534] PHP Warning:  Undefined array key "titolo2" in C:\\Users\\Alessia\\Desktop\\ESAME 2\\aboutme.php on line 109, referer: http://localhost/progetti.php
[Wed Sep 11 14:49:07.119029 2024] [php:warn] [pid 11896:tid 1924] [client ::1:50534] PHP Warning:  Undefined array key "contenuto" in C:\\Users\\Alessia\\Desktop\\ESAME 2\\aboutme.php on line 110, referer: http://localhost/progetti.php
[Wed Sep 11 14:51:01.869425 2024] [php:warn] [pid 11896:tid 1960] [client ::1:50540] PHP Warning:  Undefined array key "title" in C:\\Users\\Alessia\\Desktop\\ESAME 2\\aboutme.php on line 46, referer: http://localhost/progetti.php
[Wed Sep 11 14:51:01.869425 2024] [php:warn] [pid 11896:tid 1960] [client ::1:50540] PHP Warning:  Undefined array key "titolo" in C:\\Users\\Alessia\\Desktop\\ESAME 2\\aboutme.php on line 89, referer: http://localhost/progetti.php
[Wed Sep 11 14:51:01.869425 2024] [php:warn] [pid 11896:tid 1960] [client ::1:50540] PHP Warning:  Undefined array key "titolo" in C:\\Users\\Alessia\\Desktop\\ESAME 2\\aboutme.php on line 94, referer: http://localhost/progetti.php
[Wed Sep 11 14:51:01.869425 2024] [php:warn] [pid 11896:tid 1960] [client ::1:50540] PHP Warning:  Undefined array key "contenuto" in C:\\Users\\Alessia\\Desktop\\ESAME 2\\aboutme.php on line 95, referer: http://localhost/progetti.php
[Wed Sep 11 14:51:01.869425 2024] [php:warn] [pid 11896:tid 1960] [client ::1:50540] PHP Warning:  Undefined array key "titolo" in C:\\Users\\Alessia\\Desktop\\ESAME 2\\aboutme.php on line 99, referer: http://localhost/progetti.php
[Wed Sep 11 14:51:01.870421 2024] [php:warn] [pid 11896:tid 1960] [client ::1:50540] PHP Warning:  Undefined array key "contenuto" in C:\\Users\\Alessia\\Desktop\\ESAME 2\\aboutme.php on line 100, referer: http://localhost/progetti.php
[Wed Sep 11 14:51:01.870421 2024] [php:warn] [pid 11896:tid 1960] [client ::1:50540] PHP Warning:  Undefined array key "titolo2" in C:\\Users\\Alessia\\Desktop\\ESAME 2\\aboutme.php on line 104, referer: http://localhost/progetti.php
[Wed Sep 11 14:51:01.870421 2024] [php:warn] [pid 11896:tid 1960] [client ::1:50540] PHP Warning:  Undefined array key "contenuto" in C:\\Users\\Alessia\\Desktop\\ESAME 2\\aboutme.php on line 105, referer: http://localhost/progetti.php
[Wed Sep 11 14:51:01.870421 2024] [php:warn] [pid 11896:tid 1960] [client ::1:50540] PHP Warning:  Undefined array key "titolo2" in C:\\Users\\Alessia\\Desktop\\ESAME 2\\aboutme.php on line 109, referer: http://localhost/progetti.php
[Wed Sep 11 14:51:01.870421 2024] [php:warn] [pid 11896:tid 1960] [client ::1:50540] PHP Warning:  Undefined array key "contenuto" in C:\\Users\\Alessia\\Desktop\\ESAME 2\\aboutme.php on line 110, referer: http://localhost/progetti.php
[Wed Sep 11 14:51:02.752070 2024] [php:warn] [pid 11896:tid 1960] [client ::1:50540] PHP Warning:  Undefined array key "title" in C:\\Users\\Alessia\\Desktop\\ESAME 2\\aboutme.php on line 46, referer: http://localhost/progetti.php
[Wed Sep 11 14:51:02.752070 2024] [php:warn] [pid 11896:tid 1960] [client ::1:50540] PHP Warning:  Undefined array key "titolo" in C:\\Users\\Alessia\\Desktop\\ESAME 2\\aboutme.php on line 89, referer: http://localhost/progetti.php
[Wed Sep 11 14:51:02.752070 2024] [php:warn] [pid 11896:tid 1960] [client ::1:50540] PHP Warning:  Undefined array key "titolo" in C:\\Users\\Alessia\\Desktop\\ESAME 2\\aboutme.php on line 94, referer: http://localhost/progetti.php
[Wed Sep 11 14:51:02.753067 2024] [php:warn] [pid 11896:tid 1960] [client ::1:50540] PHP Warning:  Undefined array key "contenuto" in C:\\Users\\Alessia\\Desktop\\ESAME 2\\aboutme.php on line 95, referer: http://localhost/progetti.php
[Wed Sep 11 14:51:02.753067 2024] [php:warn] [pid 11896:tid 1960] [client ::1:50540] PHP Warning:  Undefined array key "titolo" in C:\\Users\\Alessia\\Desktop\\ESAME 2\\aboutme.php on line 99, referer: http://localhost/progetti.php
[Wed Sep 11 14:51:02.753067 2024] [php:warn] [pid 11896:tid 1960] [client ::1:50540] PHP Warning:  Undefined array key "contenuto" in C:\\Users\\Alessia\\Desktop\\ESAME 2\\aboutme.php on line 100, referer: http://localhost/progetti.php
[Wed Sep 11 14:51:02.753067 2024] [php:warn] [pid 11896:tid 1960] [client ::1:50540] PHP Warning:  Undefined array key "titolo2" in C:\\Users\\Alessia\\Desktop\\ESAME 2\\aboutme.php on line 104, referer: http://localhost/progetti.php
[Wed Sep 11 14:51:02.754064 2024] [php:warn] [pid 11896:tid 1960] [client ::1:50540] PHP Warning:  Undefined array key "contenuto" in C:\\Users\\Alessia\\Desktop\\ESAME 2\\aboutme.php on line 105, referer: http://localhost/progetti.php
[Wed Sep 11 14:51:02.754064 2024] [php:warn] [pid 11896:tid 1960] [client ::1:50540] PHP Warning:  Undefined array key "titolo2" in C:\\Users\\Alessia\\Desktop\\ESAME 2\\aboutme.php on line 109, referer: http://localhost/progetti.php
[Wed Sep 11 14:51:02.754064 2024] [php:warn] [pid 11896:tid 1960] [client ::1:50540] PHP Warning:  Undefined array key "contenuto" in C:\\Users\\Alessia\\Desktop\\ESAME 2\\aboutme.php on line 110, referer: http://localhost/progetti.php
[Wed Sep 11 14:51:03.408027 2024] [php:warn] [pid 11896:tid 1960] [client ::1:50540] PHP Warning:  Undefined array key "title" in C:\\Users\\Alessia\\Desktop\\ESAME 2\\aboutme.php on line 46, referer: http://localhost/progetti.php
[Wed Sep 11 14:51:03.408027 2024] [php:warn] [pid 11896:tid 1960] [client ::1:50540] PHP Warning:  Undefined array key "titolo" in C:\\Users\\Alessia\\Desktop\\ESAME 2\\aboutme.php on line 89, referer: http://localhost/progetti.php
[Wed Sep 11 14:51:03.409027 2024] [php:warn] [pid 11896:tid 1960] [client ::1:50540] PHP Warning:  Undefined array key "titolo" in C:\\Users\\Alessia\\Desktop\\ESAME 2\\aboutme.php on line 94, referer: http://localhost/progetti.php
[Wed Sep 11 14:51:03.409027 2024] [php:warn] [pid 11896:tid 1960] [client ::1:50540] PHP Warning:  Undefined array key "contenuto" in C:\\Users\\Alessia\\Desktop\\ESAME 2\\aboutme.php on line 95, referer: http://localhost/progetti.php
[Wed Sep 11 14:51:03.409027 2024] [php:warn] [pid 11896:tid 1960] [client ::1:50540] PHP Warning:  Undefined array key "titolo" in C:\\Users\\Alessia\\Desktop\\ESAME 2\\aboutme.php on line 99, referer: http://localhost/progetti.php
[Wed Sep 11 14:51:03.410057 2024] [php:warn] [pid 11896:tid 1960] [client ::1:50540] PHP Warning:  Undefined array key "contenuto" in C:\\Users\\Alessia\\Desktop\\ESAME 2\\aboutme.php on line 100, referer: http://localhost/progetti.php
[Wed Sep 11 14:51:03.410057 2024] [php:warn] [pid 11896:tid 1960] [client ::1:50540] PHP Warning:  Undefined array key "titolo2" in C:\\Users\\Alessia\\Desktop\\ESAME 2\\aboutme.php on line 104, referer: http://localhost/progetti.php
[Wed Sep 11 14:51:03.410057 2024] [php:warn] [pid 11896:tid 1960] [client ::1:50540] PHP Warning:  Undefined array key "contenuto" in C:\\Users\\Alessia\\Desktop\\ESAME 2\\aboutme.php on line 105, referer: http://localhost/progetti.php
[Wed Sep 11 14:51:03.410057 2024] [php:warn] [pid 11896:tid 1960] [client ::1:50540] PHP Warning:  Undefined array key "titolo2" in C:\\Users\\Alessia\\Desktop\\ESAME 2\\aboutme.php on line 109, referer: http://localhost/progetti.php
[Wed Sep 11 14:51:03.411019 2024] [php:warn] [pid 11896:tid 1960] [client ::1:50540] PHP Warning:  Undefined array key "contenuto" in C:\\Users\\Alessia\\Desktop\\ESAME 2\\aboutme.php on line 110, referer: http://localhost/progetti.php
[Wed Sep 11 14:51:30.344168 2024] [php:warn] [pid 11896:tid 1924] [client ::1:50541] PHP Warning:  Undefined array key "title" in C:\\Users\\Alessia\\Desktop\\ESAME 2\\aboutme.php on line 46, referer: http://localhost/progetti.php
[Wed Sep 11 14:51:30.344168 2024] [php:warn] [pid 11896:tid 1924] [client ::1:50541] PHP Warning:  Undefined array key "primo" in C:\\Users\\Alessia\\Desktop\\ESAME 2\\aboutme.php on line 84, referer: http://localhost/progetti.php
[Wed Sep 11 14:51:30.345165 2024] [php:warn] [pid 11896:tid 1924] [client ::1:50541] PHP Warning:  Undefined array key "paragrafo" in C:\\Users\\Alessia\\Desktop\\ESAME 2\\aboutme.php on line 85, referer: http://localhost/progetti.php
[Wed Sep 11 14:51:46.660874 2024] [php:warn] [pid 11896:tid 1960] [client ::1:50543] PHP Warning:  Undefined array key "title" in C:\\Users\\Alessia\\Desktop\\ESAME 2\\aboutme.php on line 47, referer: http://localhost/progetti.php
[Wed Sep 11 14:51:46.661872 2024] [php:warn] [pid 11896:tid 1960] [client ::1:50543] PHP Warning:  Undefined array key "primo" in C:\\Users\\Alessia\\Desktop\\ESAME 2\\aboutme.php on line 85, referer: http://localhost/progetti.php
[Wed Sep 11 14:51:46.661872 2024] [php:warn] [pid 11896:tid 1960] [client ::1:50543] PHP Warning:  Undefined array key "paragrafo" in C:\\Users\\Alessia\\Desktop\\ESAME 2\\aboutme.php on line 86, referer: http://localhost/progetti.php
[Wed Sep 11 14:51:47.581034 2024] [php:warn] [pid 11896:tid 1960] [client ::1:50543] PHP Warning:  Undefined array key "title" in C:\\Users\\Alessia\\Desktop\\ESAME 2\\aboutme.php on line 47, referer: http://localhost/progetti.php
[Wed Sep 11 14:51:47.581983 2024] [php:warn] [pid 11896:tid 1960] [client ::1:50543] PHP Warning:  Undefined array key "primo" in C:\\Users\\Alessia\\Desktop\\ESAME 2\\aboutme.php on line 85, referer: http://localhost/progetti.php
[Wed Sep 11 14:51:47.581983 2024] [php:warn] [pid 11896:tid 1960] [client ::1:50543] PHP Warning:  Undefined array key "paragrafo" in C:\\Users\\Alessia\\Desktop\\ESAME 2\\aboutme.php on line 86, referer: http://localhost/progetti.php
[Wed Sep 11 14:51:48.184271 2024] [php:warn] [pid 11896:tid 1960] [client ::1:50543] PHP Warning:  Undefined array key "title" in C:\\Users\\Alessia\\Desktop\\ESAME 2\\aboutme.php on line 47, referer: http://localhost/progetti.php
[Wed Sep 11 14:51:48.184271 2024] [php:warn] [pid 11896:tid 1960] [client ::1:50543] PHP Warning:  Undefined array key "primo" in C:\\Users\\Alessia\\Desktop\\ESAME 2\\aboutme.php on line 85, referer: http://localhost/progetti.php
[Wed Sep 11 14:51:48.185271 2024] [php:warn] [pid 11896:tid 1960] [client ::1:50543] PHP Warning:  Undefined array key "paragrafo" in C:\\Users\\Alessia\\Desktop\\ESAME 2\\aboutme.php on line 86, referer: http://localhost/progetti.php
[Wed Sep 11 14:51:48.350665 2024] [php:warn] [pid 11896:tid 1960] [client ::1:50543] PHP Warning:  Undefined array key "title" in C:\\Users\\Alessia\\Desktop\\ESAME 2\\aboutme.php on line 47, referer: http://localhost/progetti.php
[Wed Sep 11 14:51:48.351659 2024] [php:warn] [pid 11896:tid 1960] [client ::1:50543] PHP Warning:  Undefined array key "primo" in C:\\Users\\Alessia\\Desktop\\ESAME 2\\aboutme.php on line 85, referer: http://localhost/progetti.php
[Wed Sep 11 14:51:48.351659 2024] [php:warn] [pid 11896:tid 1960] [client ::1:50543] PHP Warning:  Undefined array key "paragrafo" in C:\\Users\\Alessia\\Desktop\\ESAME 2\\aboutme.php on line 86, referer: http://localhost/progetti.php
[Wed Sep 11 14:51:48.504329 2024] [php:warn] [pid 11896:tid 1960] [client ::1:50543] PHP Warning:  Undefined array key "title" in C:\\Users\\Alessia\\Desktop\\ESAME 2\\aboutme.php on line 47, referer: http://localhost/progetti.php
[Wed Sep 11 14:51:48.504329 2024] [php:warn] [pid 11896:tid 1960] [client ::1:50543] PHP Warning:  Undefined array key "primo" in C:\\Users\\Alessia\\Desktop\\ESAME 2\\aboutme.php on line 85, referer: http://localhost/progetti.php
[Wed Sep 11 14:51:48.504329 2024] [php:warn] [pid 11896:tid 1960] [client ::1:50543] PHP Warning:  Undefined array key "paragrafo" in C:\\Users\\Alessia\\Desktop\\ESAME 2\\aboutme.php on line 86, referer: http://localhost/progetti.php
[Wed Sep 11 14:51:48.641813 2024] [php:warn] [pid 11896:tid 1960] [client ::1:50543] PHP Warning:  Undefined array key "title" in C:\\Users\\Alessia\\Desktop\\ESAME 2\\aboutme.php on line 47, referer: http://localhost/progetti.php
[Wed Sep 11 14:51:48.642809 2024] [php:warn] [pid 11896:tid 1960] [client ::1:50543] PHP Warning:  Undefined array key "primo" in C:\\Users\\Alessia\\Desktop\\ESAME 2\\aboutme.php on line 85, referer: http://localhost/progetti.php
[Wed Sep 11 14:51:48.642809 2024] [php:warn] [pid 11896:tid 1960] [client ::1:50543] PHP Warning:  Undefined array key "paragrafo" in C:\\Users\\Alessia\\Desktop\\ESAME 2\\aboutme.php on line 86, referer: http://localhost/progetti.php
[Wed Sep 11 14:51:48.782057 2024] [php:warn] [pid 11896:tid 1960] [client ::1:50543] PHP Warning:  Undefined array key "title" in C:\\Users\\Alessia\\Desktop\\ESAME 2\\aboutme.php on line 47, referer: http://localhost/progetti.php
[Wed Sep 11 14:51:48.782057 2024] [php:warn] [pid 11896:tid 1960] [client ::1:50543] PHP Warning:  Undefined array key "primo" in C:\\Users\\Alessia\\Desktop\\ESAME 2\\aboutme.php on line 85, referer: http://localhost/progetti.php
[Wed Sep 11 14:51:48.782057 2024] [php:warn] [pid 11896:tid 1960] [client ::1:50543] PHP Warning:  Undefined array key "paragrafo" in C:\\Users\\Alessia\\Desktop\\ESAME 2\\aboutme.php on line 86, referer: http://localhost/progetti.php
[Wed Sep 11 14:51:48.925442 2024] [php:warn] [pid 11896:tid 1960] [client ::1:50543] PHP Warning:  Undefined array key "title" in C:\\Users\\Alessia\\Desktop\\ESAME 2\\aboutme.php on line 47, referer: http://localhost/progetti.php
[Wed Sep 11 14:51:48.925442 2024] [php:warn] [pid 11896:tid 1960] [client ::1:50543] PHP Warning:  Undefined array key "primo" in C:\\Users\\Alessia\\Desktop\\ESAME 2\\aboutme.php on line 85, referer: http://localhost/progetti.php
[Wed Sep 11 14:51:48.926439 2024] [php:warn] [pid 11896:tid 1960] [client ::1:50543] PHP Warning:  Undefined array key "paragrafo" in C:\\Users\\Alessia\\Desktop\\ESAME 2\\aboutme.php on line 86, referer: http://localhost/progetti.php
[Wed Sep 11 14:51:49.088548 2024] [php:warn] [pid 11896:tid 1960] [client ::1:50543] PHP Warning:  Undefined array key "title" in C:\\Users\\Alessia\\Desktop\\ESAME 2\\aboutme.php on line 47, referer: http://localhost/progetti.php
[Wed Sep 11 14:51:49.089543 2024] [php:warn] [pid 11896:tid 1960] [client ::1:50543] PHP Warning:  Undefined array key "primo" in C:\\Users\\Alessia\\Desktop\\ESAME 2\\aboutme.php on line 85, referer: http://localhost/progetti.php
[Wed Sep 11 14:51:49.089543 2024] [php:warn] [pid 11896:tid 1960] [client ::1:50543] PHP Warning:  Undefined array key "paragrafo" in C:\\Users\\Alessia\\Desktop\\ESAME 2\\aboutme.php on line 86, referer: http://localhost/progetti.php
[Wed Sep 11 14:51:49.348870 2024] [php:warn] [pid 11896:tid 1960] [client ::1:50543] PHP Warning:  Undefined array key "title" in C:\\Users\\Alessia\\Desktop\\ESAME 2\\aboutme.php on line 47, referer: http://localhost/progetti.php
[Wed Sep 11 14:51:49.348870 2024] [php:warn] [pid 11896:tid 1960] [client ::1:50543] PHP Warning:  Undefined array key "primo" in C:\\Users\\Alessia\\Desktop\\ESAME 2\\aboutme.php on line 85, referer: http://localhost/progetti.php
[Wed Sep 11 14:51:49.348870 2024] [php:warn] [pid 11896:tid 1960] [client ::1:50543] PHP Warning:  Undefined array key "paragrafo" in C:\\Users\\Alessia\\Desktop\\ESAME 2\\aboutme.php on line 86, referer: http://localhost/progetti.php
[Wed Sep 11 14:51:49.486124 2024] [php:warn] [pid 11896:tid 1960] [client ::1:50543] PHP Warning:  Undefined array key "title" in C:\\Users\\Alessia\\Desktop\\ESAME 2\\aboutme.php on line 47, referer: http://localhost/progetti.php
[Wed Sep 11 14:51:49.487110 2024] [php:warn] [pid 11896:tid 1960] [client ::1:50543] PHP Warning:  Undefined array key "primo" in C:\\Users\\Alessia\\Desktop\\ESAME 2\\aboutme.php on line 85, referer: http://localhost/progetti.php
[Wed Sep 11 14:51:49.487110 2024] [php:warn] [pid 11896:tid 1960] [client ::1:50543] PHP Warning:  Undefined array key "paragrafo" in C:\\Users\\Alessia\\Desktop\\ESAME 2\\aboutme.php on line 86, referer: http://localhost/progetti.php
[Wed Sep 11 14:51:49.629546 2024] [php:warn] [pid 11896:tid 1960] [client ::1:50543] PHP Warning:  Undefined array key "title" in C:\\Users\\Alessia\\Desktop\\ESAME 2\\aboutme.php on line 47, referer: http://localhost/progetti.php
[Wed Sep 11 14:51:49.630544 2024] [php:warn] [pid 11896:tid 1960] [client ::1:50543] PHP Warning:  Undefined array key "primo" in C:\\Users\\Alessia\\Desktop\\ESAME 2\\aboutme.php on line 85, referer: http://localhost/progetti.php
[Wed Sep 11 14:51:49.630544 2024] [php:warn] [pid 11896:tid 1960] [client ::1:50543] PHP Warning:  Undefined array key "paragrafo" in C:\\Users\\Alessia\\Desktop\\ESAME 2\\aboutme.php on line 86, referer: http://localhost/progetti.php
[Wed Sep 11 14:51:49.806496 2024] [php:warn] [pid 11896:tid 1960] [client ::1:50543] PHP Warning:  Undefined array key "title" in C:\\Users\\Alessia\\Desktop\\ESAME 2\\aboutme.php on line 47, referer: http://localhost/progetti.php
[Wed Sep 11 14:51:49.807453 2024] [php:warn] [pid 11896:tid 1960] [client ::1:50543] PHP Warning:  Undefined array key "primo" in C:\\Users\\Alessia\\Desktop\\ESAME 2\\aboutme.php on line 85, referer: http://localhost/progetti.php
[Wed Sep 11 14:51:49.807453 2024] [php:warn] [pid 11896:tid 1960] [client ::1:50543] PHP Warning:  Undefined array key "paragrafo" in C:\\Users\\Alessia\\Desktop\\ESAME 2\\aboutme.php on line 86, referer: http://localhost/progetti.php
[Wed Sep 11 14:51:50.023985 2024] [php:warn] [pid 11896:tid 1960] [client ::1:50543] PHP Warning:  Undefined array key "title" in C:\\Users\\Alessia\\Desktop\\ESAME 2\\aboutme.php on line 47, referer: http://localhost/progetti.php
[Wed Sep 11 14:51:50.025031 2024] [php:warn] [pid 11896:tid 1960] [client ::1:50543] PHP Warning:  Undefined array key "primo" in C:\\Users\\Alessia\\Desktop\\ESAME 2\\aboutme.php on line 85, referer: http://localhost/progetti.php
[Wed Sep 11 14:51:50.025031 2024] [php:warn] [pid 11896:tid 1960] [client ::1:50543] PHP Warning:  Undefined array key "paragrafo" in C:\\Users\\Alessia\\Desktop\\ESAME 2\\aboutme.php on line 86, referer: http://localhost/progetti.php
[Wed Sep 11 14:52:21.992383 2024] [php:warn] [pid 11896:tid 1924] [client ::1:50544] PHP Warning:  Undefined array key "title" in C:\\Users\\Alessia\\Desktop\\ESAME 2\\aboutme.php on line 46, referer: http://localhost/progetti.php
[Wed Sep 11 14:52:21.992383 2024] [php:warn] [pid 11896:tid 1924] [client ::1:50544] PHP Warning:  Undefined array key "primo" in C:\\Users\\Alessia\\Desktop\\ESAME 2\\aboutme.php on line 84, referer: http://localhost/progetti.php
[Wed Sep 11 14:52:21.992383 2024] [php:warn] [pid 11896:tid 1924] [client ::1:50544] PHP Warning:  Undefined array key "paragrafo" in C:\\Users\\Alessia\\Desktop\\ESAME 2\\aboutme.php on line 85, referer: http://localhost/progetti.php
[Wed Sep 11 14:52:22.783749 2024] [php:warn] [pid 11896:tid 1924] [client ::1:50544] PHP Warning:  Undefined array key "title" in C:\\Users\\Alessia\\Desktop\\ESAME 2\\aboutme.php on line 46, referer: http://localhost/progetti.php
[Wed Sep 11 14:52:22.783749 2024] [php:warn] [pid 11896:tid 1924] [client ::1:50544] PHP Warning:  Undefined array key "primo" in C:\\Users\\Alessia\\Desktop\\ESAME 2\\aboutme.php on line 84, referer: http://localhost/progetti.php
[Wed Sep 11 14:52:22.784747 2024] [php:warn] [pid 11896:tid 1924] [client ::1:50544] PHP Warning:  Undefined array key "paragrafo" in C:\\Users\\Alessia\\Desktop\\ESAME 2\\aboutme.php on line 85, referer: http://localhost/progetti.php
[Wed Sep 11 14:52:23.418326 2024] [php:warn] [pid 11896:tid 1924] [client ::1:50544] PHP Warning:  Undefined array key "title" in C:\\Users\\Alessia\\Desktop\\ESAME 2\\aboutme.php on line 46, referer: http://localhost/progetti.php
[Wed Sep 11 14:52:23.418326 2024] [php:warn] [pid 11896:tid 1924] [client ::1:50544] PHP Warning:  Undefined array key "primo" in C:\\Users\\Alessia\\Desktop\\ESAME 2\\aboutme.php on line 84, referer: http://localhost/progetti.php
[Wed Sep 11 14:52:23.419329 2024] [php:warn] [pid 11896:tid 1924] [client ::1:50544] PHP Warning:  Undefined array key "paragrafo" in C:\\Users\\Alessia\\Desktop\\ESAME 2\\aboutme.php on line 85, referer: http://localhost/progetti.php
[Wed Sep 11 14:52:23.555695 2024] [php:warn] [pid 11896:tid 1924] [client ::1:50544] PHP Warning:  Undefined array key "title" in C:\\Users\\Alessia\\Desktop\\ESAME 2\\aboutme.php on line 46, referer: http://localhost/progetti.php
[Wed Sep 11 14:52:23.556692 2024] [php:warn] [pid 11896:tid 1924] [client ::1:50544] PHP Warning:  Undefined array key "primo" in C:\\Users\\Alessia\\Desktop\\ESAME 2\\aboutme.php on line 84, referer: http://localhost/progetti.php
[Wed Sep 11 14:52:23.556692 2024] [php:warn] [pid 11896:tid 1924] [client ::1:50544] PHP Warning:  Undefined array key "paragrafo" in C:\\Users\\Alessia\\Desktop\\ESAME 2\\aboutme.php on line 85, referer: http://localhost/progetti.php
[Wed Sep 11 14:52:23.707453 2024] [php:warn] [pid 11896:tid 1924] [client ::1:50544] PHP Warning:  Undefined array key "title" in C:\\Users\\Alessia\\Desktop\\ESAME 2\\aboutme.php on line 46, referer: http://localhost/progetti.php
[Wed Sep 11 14:52:23.708420 2024] [php:warn] [pid 11896:tid 1924] [client ::1:50544] PHP Warning:  Undefined array key "primo" in C:\\Users\\Alessia\\Desktop\\ESAME 2\\aboutme.php on line 84, referer: http://localhost/progetti.php
[Wed Sep 11 14:52:23.708420 2024] [php:warn] [pid 11896:tid 1924] [client ::1:50544] PHP Warning:  Undefined array key "paragrafo" in C:\\Users\\Alessia\\Desktop\\ESAME 2\\aboutme.php on line 85, referer: http://localhost/progetti.php
[Wed Sep 11 14:52:23.834160 2024] [php:warn] [pid 11896:tid 1924] [client ::1:50544] PHP Warning:  Undefined array key "title" in C:\\Users\\Alessia\\Desktop\\ESAME 2\\aboutme.php on line 46, referer: http://localhost/progetti.php
[Wed Sep 11 14:52:23.834160 2024] [php:warn] [pid 11896:tid 1924] [client ::1:50544] PHP Warning:  Undefined array key "primo" in C:\\Users\\Alessia\\Desktop\\ESAME 2\\aboutme.php on line 84, referer: http://localhost/progetti.php
[Wed Sep 11 14:52:23.834160 2024] [php:warn] [pid 11896:tid 1924] [client ::1:50544] PHP Warning:  Undefined array key "paragrafo" in C:\\Users\\Alessia\\Desktop\\ESAME 2\\aboutme.php on line 85, referer: http://localhost/progetti.php
[Wed Sep 11 14:52:23.982115 2024] [php:warn] [pid 11896:tid 1924] [client ::1:50544] PHP Warning:  Undefined array key "title" in C:\\Users\\Alessia\\Desktop\\ESAME 2\\aboutme.php on line 46, referer: http://localhost/progetti.php
[Wed Sep 11 14:52:23.982115 2024] [php:warn] [pid 11896:tid 1924] [client ::1:50544] PHP Warning:  Undefined array key "primo" in C:\\Users\\Alessia\\Desktop\\ESAME 2\\aboutme.php on line 84, referer: http://localhost/progetti.php
[Wed Sep 11 14:52:23.982115 2024] [php:warn] [pid 11896:tid 1924] [client ::1:50544] PHP Warning:  Undefined array key "paragrafo" in C:\\Users\\Alessia\\Desktop\\ESAME 2\\aboutme.php on line 85, referer: http://localhost/progetti.php
[Wed Sep 11 14:52:24.133554 2024] [php:warn] [pid 11896:tid 1924] [client ::1:50544] PHP Warning:  Undefined array key "title" in C:\\Users\\Alessia\\Desktop\\ESAME 2\\aboutme.php on line 46, referer: http://localhost/progetti.php
[Wed Sep 11 14:52:24.133554 2024] [php:warn] [pid 11896:tid 1924] [client ::1:50544] PHP Warning:  Undefined array key "primo" in C:\\Users\\Alessia\\Desktop\\ESAME 2\\aboutme.php on line 84, referer: http://localhost/progetti.php
[Wed Sep 11 14:52:24.134552 2024] [php:warn] [pid 11896:tid 1924] [client ::1:50544] PHP Warning:  Undefined array key "paragrafo" in C:\\Users\\Alessia\\Desktop\\ESAME 2\\aboutme.php on line 85, referer: http://localhost/progetti.php
[Wed Sep 11 14:52:24.286996 2024] [php:warn] [pid 11896:tid 1924] [client ::1:50544] PHP Warning:  Undefined array key "title" in C:\\Users\\Alessia\\Desktop\\ESAME 2\\aboutme.php on line 46, referer: http://localhost/progetti.php
[Wed Sep 11 14:52:24.287991 2024] [php:warn] [pid 11896:tid 1924] [client ::1:50544] PHP Warning:  Undefined array key "primo" in C:\\Users\\Alessia\\Desktop\\ESAME 2\\aboutme.php on line 84, referer: http://localhost/progetti.php
[Wed Sep 11 14:52:24.287991 2024] [php:warn] [pid 11896:tid 1924] [client ::1:50544] PHP Warning:  Undefined array key "paragrafo" in C:\\Users\\Alessia\\Desktop\\ESAME 2\\aboutme.php on line 85, referer: http://localhost/progetti.php
[Wed Sep 11 14:52:24.521108 2024] [php:warn] [pid 11896:tid 1924] [client ::1:50544] PHP Warning:  Undefined array key "title" in C:\\Users\\Alessia\\Desktop\\ESAME 2\\aboutme.php on line 46, referer: http://localhost/progetti.php
[Wed Sep 11 14:52:24.522104 2024] [php:warn] [pid 11896:tid 1924] [client ::1:50544] PHP Warning:  Undefined array key "primo" in C:\\Users\\Alessia\\Desktop\\ESAME 2\\aboutme.php on line 84, referer: http://localhost/progetti.php
[Wed Sep 11 14:52:24.522104 2024] [php:warn] [pid 11896:tid 1924] [client ::1:50544] PHP Warning:  Undefined array key "paragrafo" in C:\\Users\\Alessia\\Desktop\\ESAME 2\\aboutme.php on line 85, referer: http://localhost/progetti.php
[Wed Sep 11 14:52:35.167961 2024] [php:warn] [pid 11896:tid 1960] [client ::1:50547] PHP Warning:  Undefined array key "title" in C:\\Users\\Alessia\\Desktop\\ESAME 2\\aboutme.php on line 46, referer: http://localhost/progetti.php
[Wed Sep 11 14:52:35.167961 2024] [php:warn] [pid 11896:tid 1960] [client ::1:50547] PHP Warning:  Undefined array key "primo" in C:\\Users\\Alessia\\Desktop\\ESAME 2\\aboutme.php on line 84, referer: http://localhost/progetti.php
[Wed Sep 11 14:52:35.168989 2024] [php:warn] [pid 11896:tid 1960] [client ::1:50547] PHP Warning:  Undefined array key "paragrafo" in C:\\Users\\Alessia\\Desktop\\ESAME 2\\aboutme.php on line 85, referer: http://localhost/progetti.php
[Wed Sep 11 14:52:35.907015 2024] [php:warn] [pid 11896:tid 1960] [client ::1:50547] PHP Warning:  Undefined array key "title" in C:\\Users\\Alessia\\Desktop\\ESAME 2\\aboutme.php on line 46, referer: http://localhost/progetti.php
[Wed Sep 11 14:52:35.907015 2024] [php:warn] [pid 11896:tid 1960] [client ::1:50547] PHP Warning:  Undefined array key "primo" in C:\\Users\\Alessia\\Desktop\\ESAME 2\\aboutme.php on line 84, referer: http://localhost/progetti.php
[Wed Sep 11 14:52:35.907015 2024] [php:warn] [pid 11896:tid 1960] [client ::1:50547] PHP Warning:  Undefined array key "paragrafo" in C:\\Users\\Alessia\\Desktop\\ESAME 2\\aboutme.php on line 85, referer: http://localhost/progetti.php
[Wed Sep 11 14:52:36.396448 2024] [php:warn] [pid 11896:tid 1960] [client ::1:50547] PHP Warning:  Undefined array key "title" in C:\\Users\\Alessia\\Desktop\\ESAME 2\\aboutme.php on line 46, referer: http://localhost/progetti.php
[Wed Sep 11 14:52:36.396448 2024] [php:warn] [pid 11896:tid 1960] [client ::1:50547] PHP Warning:  Undefined array key "primo" in C:\\Users\\Alessia\\Desktop\\ESAME 2\\aboutme.php on line 84, referer: http://localhost/progetti.php
[Wed Sep 11 14:52:36.397443 2024] [php:warn] [pid 11896:tid 1960] [client ::1:50547] PHP Warning:  Undefined array key "paragrafo" in C:\\Users\\Alessia\\Desktop\\ESAME 2\\aboutme.php on line 85, referer: http://localhost/progetti.php
[Wed Sep 11 14:52:36.555268 2024] [php:warn] [pid 11896:tid 1960] [client ::1:50547] PHP Warning:  Undefined array key "title" in C:\\Users\\Alessia\\Desktop\\ESAME 2\\aboutme.php on line 46, referer: http://localhost/progetti.php
[Wed Sep 11 14:52:36.555268 2024] [php:warn] [pid 11896:tid 1960] [client ::1:50547] PHP Warning:  Undefined array key "primo" in C:\\Users\\Alessia\\Desktop\\ESAME 2\\aboutme.php on line 84, referer: http://localhost/progetti.php
[Wed Sep 11 14:52:36.555268 2024] [php:warn] [pid 11896:tid 1960] [client ::1:50547] PHP Warning:  Undefined array key "paragrafo" in C:\\Users\\Alessia\\Desktop\\ESAME 2\\aboutme.php on line 85, referer: http://localhost/progetti.php
[Wed Sep 11 14:52:36.709804 2024] [php:warn] [pid 11896:tid 1960] [client ::1:50547] PHP Warning:  Undefined array key "title" in C:\\Users\\Alessia\\Desktop\\ESAME 2\\aboutme.php on line 46, referer: http://localhost/progetti.php
[Wed Sep 11 14:52:36.709804 2024] [php:warn] [pid 11896:tid 1960] [client ::1:50547] PHP Warning:  Undefined array key "primo" in C:\\Users\\Alessia\\Desktop\\ESAME 2\\aboutme.php on line 84, referer: http://localhost/progetti.php
[Wed Sep 11 14:52:36.709804 2024] [php:warn] [pid 11896:tid 1960] [client ::1:50547] PHP Warning:  Undefined array key "paragrafo" in C:\\Users\\Alessia\\Desktop\\ESAME 2\\aboutme.php on line 85, referer: http://localhost/progetti.php
[Wed Sep 11 14:52:36.873157 2024] [php:warn] [pid 11896:tid 1960] [client ::1:50547] PHP Warning:  Undefined array key "title" in C:\\Users\\Alessia\\Desktop\\ESAME 2\\aboutme.php on line 46, referer: http://localhost/progetti.php
[Wed Sep 11 14:52:36.873157 2024] [php:warn] [pid 11896:tid 1960] [client ::1:50547] PHP Warning:  Undefined array key "primo" in C:\\Users\\Alessia\\Desktop\\ESAME 2\\aboutme.php on line 84, referer: http://localhost/progetti.php
[Wed Sep 11 14:52:36.873157 2024] [php:warn] [pid 11896:tid 1960] [client ::1:50547] PHP Warning:  Undefined array key "paragrafo" in C:\\Users\\Alessia\\Desktop\\ESAME 2\\aboutme.php on line 85, referer: http://localhost/progetti.php
[Wed Sep 11 14:52:37.026652 2024] [php:warn] [pid 11896:tid 1960] [client ::1:50547] PHP Warning:  Undefined array key "title" in C:\\Users\\Alessia\\Desktop\\ESAME 2\\aboutme.php on line 46, referer: http://localhost/progetti.php
[Wed Sep 11 14:52:37.026652 2024] [php:warn] [pid 11896:tid 1960] [client ::1:50547] PHP Warning:  Undefined array key "primo" in C:\\Users\\Alessia\\Desktop\\ESAME 2\\aboutme.php on line 84, referer: http://localhost/progetti.php
[Wed Sep 11 14:52:37.026652 2024] [php:warn] [pid 11896:tid 1960] [client ::1:50547] PHP Warning:  Undefined array key "paragrafo" in C:\\Users\\Alessia\\Desktop\\ESAME 2\\aboutme.php on line 85, referer: http://localhost/progetti.php
[Wed Sep 11 14:52:37.179619 2024] [php:warn] [pid 11896:tid 1960] [client ::1:50547] PHP Warning:  Undefined array key "title" in C:\\Users\\Alessia\\Desktop\\ESAME 2\\aboutme.php on line 46, referer: http://localhost/progetti.php
[Wed Sep 11 14:52:37.179619 2024] [php:warn] [pid 11896:tid 1960] [client ::1:50547] PHP Warning:  Undefined array key "primo" in C:\\Users\\Alessia\\Desktop\\ESAME 2\\aboutme.php on line 84, referer: http://localhost/progetti.php
[Wed Sep 11 14:52:37.180667 2024] [php:warn] [pid 11896:tid 1960] [client ::1:50547] PHP Warning:  Undefined array key "paragrafo" in C:\\Users\\Alessia\\Desktop\\ESAME 2\\aboutme.php on line 85, referer: http://localhost/progetti.php
[Wed Sep 11 14:52:37.342926 2024] [php:warn] [pid 11896:tid 1960] [client ::1:50547] PHP Warning:  Undefined array key "title" in C:\\Users\\Alessia\\Desktop\\ESAME 2\\aboutme.php on line 46, referer: http://localhost/progetti.php
[Wed Sep 11 14:52:37.342926 2024] [php:warn] [pid 11896:tid 1960] [client ::1:50547] PHP Warning:  Undefined array key "primo" in C:\\Users\\Alessia\\Desktop\\ESAME 2\\aboutme.php on line 84, referer: http://localhost/progetti.php
[Wed Sep 11 14:52:37.342926 2024] [php:warn] [pid 11896:tid 1960] [client ::1:50547] PHP Warning:  Undefined array key "paragrafo" in C:\\Users\\Alessia\\Desktop\\ESAME 2\\aboutme.php on line 85, referer: http://localhost/progetti.php
[Wed Sep 11 14:52:37.511690 2024] [php:warn] [pid 11896:tid 1960] [client ::1:50547] PHP Warning:  Undefined array key "title" in C:\\Users\\Alessia\\Desktop\\ESAME 2\\aboutme.php on line 46, referer: http://localhost/progetti.php
[Wed Sep 11 14:52:37.511690 2024] [php:warn] [pid 11896:tid 1960] [client ::1:50547] PHP Warning:  Undefined array key "primo" in C:\\Users\\Alessia\\Desktop\\ESAME 2\\aboutme.php on line 84, referer: http://localhost/progetti.php
[Wed Sep 11 14:52:37.511690 2024] [php:warn] [pid 11896:tid 1960] [client ::1:50547] PHP Warning:  Undefined array key "paragrafo" in C:\\Users\\Alessia\\Desktop\\ESAME 2\\aboutme.php on line 85, referer: http://localhost/progetti.php
[Wed Sep 11 14:52:37.739780 2024] [php:warn] [pid 11896:tid 1960] [client ::1:50547] PHP Warning:  Undefined array key "title" in C:\\Users\\Alessia\\Desktop\\ESAME 2\\aboutme.php on line 46, referer: http://localhost/progetti.php
[Wed Sep 11 14:52:37.740779 2024] [php:warn] [pid 11896:tid 1960] [client ::1:50547] PHP Warning:  Undefined array key "primo" in C:\\Users\\Alessia\\Desktop\\ESAME 2\\aboutme.php on line 84, referer: http://localhost/progetti.php
[Wed Sep 11 14:52:37.740779 2024] [php:warn] [pid 11896:tid 1960] [client ::1:50547] PHP Warning:  Undefined array key "paragrafo" in C:\\Users\\Alessia\\Desktop\\ESAME 2\\aboutme.php on line 85, referer: http://localhost/progetti.php
[Wed Sep 11 14:52:38.273452 2024] [php:warn] [pid 11896:tid 1960] [client ::1:50547] PHP Warning:  Undefined array key "title" in C:\\Users\\Alessia\\Desktop\\ESAME 2\\aboutme.php on line 46, referer: http://localhost/progetti.php
[Wed Sep 11 14:52:38.273452 2024] [php:warn] [pid 11896:tid 1960] [client ::1:50547] PHP Warning:  Undefined array key "primo" in C:\\Users\\Alessia\\Desktop\\ESAME 2\\aboutme.php on line 84, referer: http://localhost/progetti.php
[Wed Sep 11 14:52:38.273452 2024] [php:warn] [pid 11896:tid 1960] [client ::1:50547] PHP Warning:  Undefined array key "paragrafo" in C:\\Users\\Alessia\\Desktop\\ESAME 2\\aboutme.php on line 85, referer: http://localhost/progetti.php
[Wed Sep 11 14:52:45.129458 2024] [php:warn] [pid 11896:tid 1924] [client ::1:50549] PHP Warning:  Undefined array key "primo" in C:\\Users\\Alessia\\Desktop\\ESAME 2\\aboutme.php on line 84, referer: http://localhost/progetti.php
[Wed Sep 11 14:52:45.130461 2024] [php:warn] [pid 11896:tid 1924] [client ::1:50549] PHP Warning:  Undefined array key "paragrafo" in C:\\Users\\Alessia\\Desktop\\ESAME 2\\aboutme.php on line 85, referer: http://localhost/progetti.php
[Wed Sep 11 14:52:45.130461 2024] [php:warn] [pid 11896:tid 1924] [client ::1:50549] PHP Warning:  Undefined array key "titolo" in C:\\Users\\Alessia\\Desktop\\ESAME 2\\aboutme.php on line 89, referer: http://localhost/progetti.php
[Wed Sep 11 14:52:45.130461 2024] [php:warn] [pid 11896:tid 1924] [client ::1:50549] PHP Warning:  Undefined array key "titolo" in C:\\Users\\Alessia\\Desktop\\ESAME 2\\aboutme.php on line 94, referer: http://localhost/progetti.php
[Wed Sep 11 14:52:45.130461 2024] [php:warn] [pid 11896:tid 1924] [client ::1:50549] PHP Warning:  Undefined array key "contenuto" in C:\\Users\\Alessia\\Desktop\\ESAME 2\\aboutme.php on line 95, referer: http://localhost/progetti.php
[Wed Sep 11 14:52:45.130461 2024] [php:warn] [pid 11896:tid 1924] [client ::1:50549] PHP Warning:  Undefined array key "titolo" in C:\\Users\\Alessia\\Desktop\\ESAME 2\\aboutme.php on line 99, referer: http://localhost/progetti.php
[Wed Sep 11 14:52:45.131458 2024] [php:warn] [pid 11896:tid 1924] [client ::1:50549] PHP Warning:  Undefined array key "contenuto" in C:\\Users\\Alessia\\Desktop\\ESAME 2\\aboutme.php on line 100, referer: http://localhost/progetti.php
[Wed Sep 11 14:52:45.131458 2024] [php:warn] [pid 11896:tid 1924] [client ::1:50549] PHP Warning:  Undefined array key "titolo2" in C:\\Users\\Alessia\\Desktop\\ESAME 2\\aboutme.php on line 104, referer: http://localhost/progetti.php
[Wed Sep 11 14:52:45.131458 2024] [php:warn] [pid 11896:tid 1924] [client ::1:50549] PHP Warning:  Undefined array key "contenuto" in C:\\Users\\Alessia\\Desktop\\ESAME 2\\aboutme.php on line 105, referer: http://localhost/progetti.php
[Wed Sep 11 14:52:45.131458 2024] [php:warn] [pid 11896:tid 1924] [client ::1:50549] PHP Warning:  Undefined array key "titolo2" in C:\\Users\\Alessia\\Desktop\\ESAME 2\\aboutme.php on line 109, referer: http://localhost/progetti.php
[Wed Sep 11 14:52:45.131458 2024] [php:warn] [pid 11896:tid 1924] [client ::1:50549] PHP Warning:  Undefined array key "contenuto" in C:\\Users\\Alessia\\Desktop\\ESAME 2\\aboutme.php on line 110, referer: http://localhost/progetti.php
[Wed Sep 11 14:54:12.080860 2024] [php:warn] [pid 11896:tid 1960] [client ::1:50553] PHP Warning:  Undefined array key "title" in C:\\Users\\Alessia\\Desktop\\ESAME 2\\aboutme.php on line 47, referer: http://localhost/progetti.php
[Wed Sep 11 14:54:12.080860 2024] [php:warn] [pid 11896:tid 1960] [client ::1:50553] PHP Warning:  Undefined array key "primo" in C:\\Users\\Alessia\\Desktop\\ESAME 2\\aboutme.php on line 85, referer: http://localhost/progetti.php
[Wed Sep 11 14:54:12.081364 2024] [php:warn] [pid 11896:tid 1960] [client ::1:50553] PHP Warning:  Undefined array key "paragrafo" in C:\\Users\\Alessia\\Desktop\\ESAME 2\\aboutme.php on line 86, referer: http://localhost/progetti.php
[Wed Sep 11 14:54:13.222996 2024] [php:warn] [pid 11896:tid 1960] [client ::1:50553] PHP Warning:  Undefined array key "title" in C:\\Users\\Alessia\\Desktop\\ESAME 2\\aboutme.php on line 47, referer: http://localhost/progetti.php
[Wed Sep 11 14:54:13.222996 2024] [php:warn] [pid 11896:tid 1960] [client ::1:50553] PHP Warning:  Undefined array key "primo" in C:\\Users\\Alessia\\Desktop\\ESAME 2\\aboutme.php on line 85, referer: http://localhost/progetti.php
[Wed Sep 11 14:54:13.222996 2024] [php:warn] [pid 11896:tid 1960] [client ::1:50553] PHP Warning:  Undefined array key "paragrafo" in C:\\Users\\Alessia\\Desktop\\ESAME 2\\aboutme.php on line 86, referer: http://localhost/progetti.php
[Wed Sep 11 14:54:14.248033 2024] [php:warn] [pid 11896:tid 1960] [client ::1:50553] PHP Warning:  Undefined array key "title" in C:\\Users\\Alessia\\Desktop\\ESAME 2\\aboutme.php on line 47, referer: http://localhost/progetti.php
[Wed Sep 11 14:54:14.248033 2024] [php:warn] [pid 11896:tid 1960] [client ::1:50553] PHP Warning:  Undefined array key "primo" in C:\\Users\\Alessia\\Desktop\\ESAME 2\\aboutme.php on line 85, referer: http://localhost/progetti.php
[Wed Sep 11 14:54:14.248033 2024] [php:warn] [pid 11896:tid 1960] [client ::1:50553] PHP Warning:  Undefined array key "paragrafo" in C:\\Users\\Alessia\\Desktop\\ESAME 2\\aboutme.php on line 86, referer: http://localhost/progetti.php
[Wed Sep 11 15:26:28.541106 2024] [php:warn] [pid 11896:tid 1816] [client ::1:50777] PHP Warning:  session_start(): Session cannot be started after headers have already been sent in C:\\Users\\Alessia\\Desktop\\ESAME 2\\form.php on line 2, referer: http://localhost/progetti.php
[Wed Sep 11 15:26:29.639919 2024] [php:warn] [pid 11896:tid 1816] [client ::1:50777] PHP Warning:  session_start(): Session cannot be started after headers have already been sent in C:\\Users\\Alessia\\Desktop\\ESAME 2\\form.php on line 2, referer: http://localhost/progetti.php
[Wed Sep 11 15:27:51.747244 2024] [php:warn] [pid 11896:tid 1804] [client ::1:50796] PHP Warning:  session_start(): Session cannot be started after headers have already been sent in C:\\Users\\Alessia\\Desktop\\ESAME 2\\form.php on line 2, referer: http://localhost/progetti.php
[Wed Sep 11 15:28:57.050908 2024] [php:warn] [pid 11896:tid 1816] [client ::1:50803] PHP Warning:  session_start(): Session cannot be started after headers have already been sent in C:\\Users\\Alessia\\Desktop\\ESAME 2\\form.php on line 2, referer: http://localhost/progetti.php
[Wed Sep 11 15:29:11.012921 2024] [php:warn] [pid 11896:tid 1804] [client ::1:50804] PHP Warning:  session_start(): Session cannot be started after headers have already been sent in C:\\Users\\Alessia\\Desktop\\ESAME 2\\form.php on line 2, referer: http://localhost/progetti.php
[Wed Sep 11 15:29:26.624129 2024] [php:warn] [pid 11896:tid 1920] [client ::1:50807] PHP Warning:  session_start(): Session cannot be started after headers have already been sent in C:\\Users\\Alessia\\Desktop\\ESAME 2\\form.php on line 2, referer: http://localhost/progetti.php
[Wed Sep 11 15:30:25.687946 2024] [php:warn] [pid 11896:tid 1920] [client ::1:50809] PHP Warning:  session_start(): Session cannot be started after headers have already been sent in C:\\Users\\Alessia\\Desktop\\ESAME 2\\form.php on line 2, referer: http://localhost/aboutme.php
[Wed Sep 11 15:30:44.426463 2024] [php:warn] [pid 11896:tid 1804] [client ::1:50812] PHP Warning:  session_start(): Session cannot be started after headers have already been sent in C:\\Users\\Alessia\\Desktop\\ESAME 2\\form.php on line 2, referer: http://localhost/aboutme.php
[Wed Sep 11 15:30:45.283580 2024] [php:warn] [pid 11896:tid 1804] [client ::1:50812] PHP Warning:  session_start(): Session cannot be started after headers have already been sent in C:\\Users\\Alessia\\Desktop\\ESAME 2\\form.php on line 2, referer: http://localhost/aboutme.php
[Wed Sep 11 15:31:03.028902 2024] [php:warn] [pid 11896:tid 1920] [client ::1:50813] PHP Warning:  session_start(): Session cannot be started after headers have already been sent in C:\\Users\\Alessia\\Desktop\\ESAME 2\\form.php on line 2, referer: http://localhost/aboutme.php
[Wed Sep 11 15:31:09.138271 2024] [php:warn] [pid 11896:tid 1804] [client ::1:50814] PHP Warning:  session_start(): Session cannot be started after headers have already been sent in C:\\Users\\Alessia\\Desktop\\ESAME 2\\form.php on line 2, referer: http://localhost/progetti.php
[Wed Sep 11 15:31:26.429647 2024] [php:warn] [pid 11896:tid 1804] [client ::1:50816] PHP Warning:  session_start(): Session cannot be started after headers have already been sent in C:\\Users\\Alessia\\Desktop\\ESAME 2\\form.php on line 2, referer: http://localhost/aboutme.php
[Wed Sep 11 15:31:30.436527 2024] [php:warn] [pid 11896:tid 1804] [client ::1:50816] PHP Warning:  session_start(): Session cannot be started after headers have already been sent in C:\\Users\\Alessia\\Desktop\\ESAME 2\\form.php on line 2, referer: http://localhost/progettosingolo.php
[Wed Sep 11 15:33:18.725149 2024] [php:warn] [pid 11896:tid 1804] [client ::1:50821] PHP Warning:  session_start(): Session cannot be started after headers have already been sent in C:\\Users\\Alessia\\Desktop\\ESAME 2\\form.php on line 2, referer: http://localhost/progettosingolo.php
[Wed Sep 11 15:33:41.887952 2024] [php:warn] [pid 11896:tid 1920] [client ::1:50822] PHP Warning:  session_start(): Session cannot be started after headers have already been sent in C:\\Users\\Alessia\\Desktop\\ESAME 2\\form.php on line 2, referer: http://localhost/progetti.php
[Wed Sep 11 15:36:31.682337 2024] [php:warn] [pid 11896:tid 1804] [client ::1:50832] PHP Warning:  session_start(): Session cannot be started after headers have already been sent in C:\\Users\\Alessia\\Desktop\\ESAME 2\\form.php on line 2, referer: http://localhost/progetti.php
[Wed Sep 11 15:36:39.047157 2024] [php:warn] [pid 11896:tid 1920] [client ::1:50833] PHP Warning:  session_start(): Session cannot be started after headers have already been sent in C:\\Users\\Alessia\\Desktop\\ESAME 2\\form.php on line 2, referer: http://localhost/progetti.php
[Wed Sep 11 15:44:10.541270 2024] [php:warn] [pid 11896:tid 1804] [client ::1:50852] PHP Warning:  Undefined array key "primo" in C:\\Users\\Alessia\\Desktop\\ESAME 2\\progetti.php on line 81, referer: http://localhost/progetti.php
[Wed Sep 11 15:44:10.541270 2024] [php:warn] [pid 11896:tid 1804] [client ::1:50852] PHP Warning:  Undefined array key "paragrafo" in C:\\Users\\Alessia\\Desktop\\ESAME 2\\progetti.php on line 82, referer: http://localhost/progetti.php
[Wed Sep 11 15:44:10.541270 2024] [php:warn] [pid 11896:tid 1804] [client ::1:50852] PHP Warning:  Undefined array key "contenuto" in C:\\Users\\Alessia\\Desktop\\ESAME 2\\progetti.php on line 92, referer: http://localhost/progetti.php
[Wed Sep 11 15:44:10.541270 2024] [php:warn] [pid 11896:tid 1804] [client ::1:50852] PHP Warning:  Undefined array key "contenuto" in C:\\Users\\Alessia\\Desktop\\ESAME 2\\progetti.php on line 98, referer: http://localhost/progetti.php
[Wed Sep 11 15:44:10.542266 2024] [php:warn] [pid 11896:tid 1804] [client ::1:50852] PHP Warning:  Undefined array key "contenuto" in C:\\Users\\Alessia\\Desktop\\ESAME 2\\progetti.php on line 103, referer: http://localhost/progetti.php
[Wed Sep 11 15:44:10.542266 2024] [php:warn] [pid 11896:tid 1804] [client ::1:50852] PHP Warning:  Undefined array key "contenuto" in C:\\Users\\Alessia\\Desktop\\ESAME 2\\progetti.php on line 108, referer: http://localhost/progetti.php
[Wed Sep 11 15:44:10.542266 2024] [php:warn] [pid 11896:tid 1804] [client ::1:50852] PHP Warning:  Undefined array key "contenuto" in C:\\Users\\Alessia\\Desktop\\ESAME 2\\progetti.php on line 113, referer: http://localhost/progetti.php
